This is pdfTeX, Version 3.14159265-2.6-1.40.19 (TeX Live 2018) (preloaded format=pdflatex 2020.1.12)  10 JUL 2020 15:48
entering extended mode
 restricted \write18 enabled.
 %&-line parsing enabled.
**PracticalMachineLearningNotes.tex
(./PracticalMachineLearningNotes.tex
LaTeX2e <2018-04-01> patch level 5
(/usr/share/texlive/texmf-dist/tex/latex/base/article.cls
Document Class: article 2014/09/29 v1.4h Standard LaTeX document class
(/usr/share/texlive/texmf-dist/tex/latex/base/size11.clo
File: size11.clo 2014/09/29 v1.4h Standard LaTeX file (size option)
)
\c@part=\count80
\c@section=\count81
\c@subsection=\count82
\c@subsubsection=\count83
\c@paragraph=\count84
\c@subparagraph=\count85
\c@figure=\count86
\c@table=\count87
\abovecaptionskip=\skip41
\belowcaptionskip=\skip42
\bibindent=\dimen102
) (/usr/share/texlive/texmf-dist/tex/latex/lm/lmodern.sty
Package: lmodern 2009/10/30 v1.6 Latin Modern Fonts
LaTeX Font Info:    Overwriting symbol font `operators' in version `normal'
(Font)                  OT1/cmr/m/n --> OT1/lmr/m/n on input line 22.
LaTeX Font Info:    Overwriting symbol font `letters' in version `normal'
(Font)                  OML/cmm/m/it --> OML/lmm/m/it on input line 23.
LaTeX Font Info:    Overwriting symbol font `symbols' in version `normal'
(Font)                  OMS/cmsy/m/n --> OMS/lmsy/m/n on input line 24.
LaTeX Font Info:    Overwriting symbol font `largesymbols' in version `normal'
(Font)                  OMX/cmex/m/n --> OMX/lmex/m/n on input line 25.
LaTeX Font Info:    Overwriting symbol font `operators' in version `bold'
(Font)                  OT1/cmr/bx/n --> OT1/lmr/bx/n on input line 26.
LaTeX Font Info:    Overwriting symbol font `letters' in version `bold'
(Font)                  OML/cmm/b/it --> OML/lmm/b/it on input line 27.
LaTeX Font Info:    Overwriting symbol font `symbols' in version `bold'
(Font)                  OMS/cmsy/b/n --> OMS/lmsy/b/n on input line 28.
LaTeX Font Info:    Overwriting symbol font `largesymbols' in version `bold'
(Font)                  OMX/cmex/m/n --> OMX/lmex/m/n on input line 29.
LaTeX Font Info:    Overwriting math alphabet `\mathbf' in version `normal'
(Font)                  OT1/cmr/bx/n --> OT1/lmr/bx/n on input line 31.
LaTeX Font Info:    Overwriting math alphabet `\mathsf' in version `normal'
(Font)                  OT1/cmss/m/n --> OT1/lmss/m/n on input line 32.
LaTeX Font Info:    Overwriting math alphabet `\mathit' in version `normal'
(Font)                  OT1/cmr/m/it --> OT1/lmr/m/it on input line 33.
LaTeX Font Info:    Overwriting math alphabet `\mathtt' in version `normal'
(Font)                  OT1/cmtt/m/n --> OT1/lmtt/m/n on input line 34.
LaTeX Font Info:    Overwriting math alphabet `\mathbf' in version `bold'
(Font)                  OT1/cmr/bx/n --> OT1/lmr/bx/n on input line 35.
LaTeX Font Info:    Overwriting math alphabet `\mathsf' in version `bold'
(Font)                  OT1/cmss/bx/n --> OT1/lmss/bx/n on input line 36.
LaTeX Font Info:    Overwriting math alphabet `\mathit' in version `bold'
(Font)                  OT1/cmr/bx/it --> OT1/lmr/bx/it on input line 37.
LaTeX Font Info:    Overwriting math alphabet `\mathtt' in version `bold'
(Font)                  OT1/cmtt/m/n --> OT1/lmtt/m/n on input line 38.
) (/usr/share/texlive/texmf-dist/tex/latex/amsfonts/amssymb.sty
Package: amssymb 2013/01/14 v3.01 AMS font symbols
(/usr/share/texlive/texmf-dist/tex/latex/amsfonts/amsfonts.sty
Package: amsfonts 2013/01/14 v3.01 Basic AMSFonts support
\@emptytoks=\toks14
\symAMSa=\mathgroup4
\symAMSb=\mathgroup5
LaTeX Font Info:    Overwriting math alphabet `\mathfrak' in version `bold'
(Font)                  U/euf/m/n --> U/euf/b/n on input line 106.
)) (/usr/share/texlive/texmf-dist/tex/latex/amsmath/amsmath.sty
Package: amsmath 2017/09/02 v2.17a AMS math features
\@mathmargin=\skip43
For additional information on amsmath, use the `?' option.
(/usr/share/texlive/texmf-dist/tex/latex/amsmath/amstext.sty
Package: amstext 2000/06/29 v2.01 AMS text
(/usr/share/texlive/texmf-dist/tex/latex/amsmath/amsgen.sty
File: amsgen.sty 1999/11/30 v2.0 generic functions
\@emptytoks=\toks15
\ex@=\dimen103
)) (/usr/share/texlive/texmf-dist/tex/latex/amsmath/amsbsy.sty
Package: amsbsy 1999/11/29 v1.2d Bold Symbols
\pmbraise@=\dimen104
) (/usr/share/texlive/texmf-dist/tex/latex/amsmath/amsopn.sty
Package: amsopn 2016/03/08 v2.02 operator names
)
\inf@bad=\count88
LaTeX Info: Redefining \frac on input line 213.
\uproot@=\count89
\leftroot@=\count90
LaTeX Info: Redefining \overline on input line 375.
\classnum@=\count91
\DOTSCASE@=\count92
LaTeX Info: Redefining \ldots on input line 472.
LaTeX Info: Redefining \dots on input line 475.
LaTeX Info: Redefining \cdots on input line 596.
\Mathstrutbox@=\box26
\strutbox@=\box27
\big@size=\dimen105
LaTeX Font Info:    Redeclaring font encoding OML on input line 712.
LaTeX Font Info:    Redeclaring font encoding OMS on input line 713.
\macc@depth=\count93
\c@MaxMatrixCols=\count94
\dotsspace@=\muskip10
\c@parentequation=\count95
\dspbrk@lvl=\count96
\tag@help=\toks16
\row@=\count97
\column@=\count98
\maxfields@=\count99
\andhelp@=\toks17
\eqnshift@=\dimen106
\alignsep@=\dimen107
\tagshift@=\dimen108
\tagwidth@=\dimen109
\totwidth@=\dimen110
\lineht@=\dimen111
\@envbody=\toks18
\multlinegap=\skip44
\multlinetaggap=\skip45
\mathdisplay@stack=\toks19
LaTeX Info: Redefining \[ on input line 2817.
LaTeX Info: Redefining \] on input line 2818.
) (/usr/share/texlive/texmf-dist/tex/generic/ifxetex/ifxetex.sty
Package: ifxetex 2010/09/12 v0.6 Provides ifxetex conditional
) (/usr/share/texlive/texmf-dist/tex/generic/oberdiek/ifluatex.sty
Package: ifluatex 2016/05/16 v1.4 Provides the ifluatex switch (HO)
Package ifluatex Info: LuaTeX not detected.
) (/usr/share/texlive/texmf-dist/tex/latex/base/fixltx2e.sty
Package: fixltx2e 2016/12/29 v2.1a fixes to LaTeX (obsolete)
Applying: [2015/01/01] Old fixltx2e package on input line 46.

Package fixltx2e Warning: fixltx2e is not required with releases after 2015
(fixltx2e)                All fixes are now in the LaTeX kernel.
(fixltx2e)                See the latexrelease package for details.

Already applied: [0000/00/00] Old fixltx2e package on input line 53.
) (/usr/share/texlive/texmf-dist/tex/latex/base/fontenc.sty
Package: fontenc 2017/04/05 v2.0i Standard LaTeX package
(/usr/share/texlive/texmf-dist/tex/latex/base/t1enc.def
File: t1enc.def 2017/04/05 v2.0i Standard LaTeX file
LaTeX Font Info:    Redeclaring font encoding T1 on input line 48.
)) (/usr/share/texlive/texmf-dist/tex/latex/base/inputenc.sty
Package: inputenc 2018/04/06 v1.3b Input encoding file
\inpenc@prehook=\toks20
\inpenc@posthook=\toks21
) (/usr/share/texlive/texmf-dist/tex/latex/base/textcomp.sty
Package: textcomp 2017/04/05 v2.0i Standard LaTeX package
Package textcomp Info: Sub-encoding information:
(textcomp)               5 = only ISO-Adobe without \textcurrency
(textcomp)               4 = 5 + \texteuro
(textcomp)               3 = 4 + \textohm
(textcomp)               2 = 3 + \textestimated + \textcurrency
(textcomp)               1 = TS1 - \textcircled - \t
(textcomp)               0 = TS1 (full)
(textcomp)             Font families with sub-encoding setting implement
(textcomp)             only a restricted character set as indicated.
(textcomp)             Family '?' is the default used for unknown fonts.
(textcomp)             See the documentation for details.
Package textcomp Info: Setting ? sub-encoding to TS1/1 on input line 79.
(/usr/share/texlive/texmf-dist/tex/latex/base/ts1enc.def
File: ts1enc.def 2001/06/05 v3.0e (jk/car/fm) Standard LaTeX file
Now handling font encoding TS1 ...
... processing UTF-8 mapping file for font encoding TS1
(/usr/share/texlive/texmf-dist/tex/latex/base/ts1enc.dfu
File: ts1enc.dfu 2018/04/05 v1.2c UTF-8 support for inputenc
   defining Unicode char U+00A2 (decimal 162)
   defining Unicode char U+00A3 (decimal 163)
   defining Unicode char U+00A4 (decimal 164)
   defining Unicode char U+00A5 (decimal 165)
   defining Unicode char U+00A6 (decimal 166)
   defining Unicode char U+00A7 (decimal 167)
   defining Unicode char U+00A8 (decimal 168)
   defining Unicode char U+00A9 (decimal 169)
   defining Unicode char U+00AA (decimal 170)
   defining Unicode char U+00AC (decimal 172)
   defining Unicode char U+00AE (decimal 174)
   defining Unicode char U+00AF (decimal 175)
   defining Unicode char U+00B0 (decimal 176)
   defining Unicode char U+00B1 (decimal 177)
   defining Unicode char U+00B2 (decimal 178)
   defining Unicode char U+00B3 (decimal 179)
   defining Unicode char U+00B4 (decimal 180)
   defining Unicode char U+00B5 (decimal 181)
   defining Unicode char U+00B6 (decimal 182)
   defining Unicode char U+00B7 (decimal 183)
   defining Unicode char U+00B9 (decimal 185)
   defining Unicode char U+00BA (decimal 186)
   defining Unicode char U+00BC (decimal 188)
   defining Unicode char U+00BD (decimal 189)
   defining Unicode char U+00BE (decimal 190)
   defining Unicode char U+00D7 (decimal 215)
   defining Unicode char U+00F7 (decimal 247)
   defining Unicode char U+0192 (decimal 402)
   defining Unicode char U+02C7 (decimal 711)
   defining Unicode char U+02D8 (decimal 728)
   defining Unicode char U+02DD (decimal 733)
   defining Unicode char U+0E3F (decimal 3647)
   defining Unicode char U+2016 (decimal 8214)
   defining Unicode char U+2020 (decimal 8224)
   defining Unicode char U+2021 (decimal 8225)
   defining Unicode char U+2022 (decimal 8226)
   defining Unicode char U+2030 (decimal 8240)
   defining Unicode char U+2031 (decimal 8241)
   defining Unicode char U+203B (decimal 8251)
   defining Unicode char U+203D (decimal 8253)
   defining Unicode char U+2044 (decimal 8260)
   defining Unicode char U+204E (decimal 8270)
   defining Unicode char U+2052 (decimal 8274)
   defining Unicode char U+20A1 (decimal 8353)
   defining Unicode char U+20A4 (decimal 8356)
   defining Unicode char U+20A6 (decimal 8358)
   defining Unicode char U+20A9 (decimal 8361)
   defining Unicode char U+20AB (decimal 8363)
   defining Unicode char U+20AC (decimal 8364)
   defining Unicode char U+20B1 (decimal 8369)
   defining Unicode char U+2103 (decimal 8451)
   defining Unicode char U+2116 (decimal 8470)
   defining Unicode char U+2117 (decimal 8471)
   defining Unicode char U+211E (decimal 8478)
   defining Unicode char U+2120 (decimal 8480)
   defining Unicode char U+2122 (decimal 8482)
   defining Unicode char U+2126 (decimal 8486)
   defining Unicode char U+2127 (decimal 8487)
   defining Unicode char U+212E (decimal 8494)
   defining Unicode char U+2190 (decimal 8592)
   defining Unicode char U+2191 (decimal 8593)
   defining Unicode char U+2192 (decimal 8594)
   defining Unicode char U+2193 (decimal 8595)
   defining Unicode char U+2329 (decimal 9001)
   defining Unicode char U+232A (decimal 9002)
   defining Unicode char U+2422 (decimal 9250)
   defining Unicode char U+25E6 (decimal 9702)
   defining Unicode char U+25EF (decimal 9711)
   defining Unicode char U+266A (decimal 9834)
   defining Unicode char U+FEFF (decimal 65279)
))
LaTeX Info: Redefining \oldstylenums on input line 334.
Package textcomp Info: Setting cmr sub-encoding to TS1/0 on input line 349.
Package textcomp Info: Setting cmss sub-encoding to TS1/0 on input line 350.
Package textcomp Info: Setting cmtt sub-encoding to TS1/0 on input line 351.
Package textcomp Info: Setting cmvtt sub-encoding to TS1/0 on input line 352.
Package textcomp Info: Setting cmbr sub-encoding to TS1/0 on input line 353.
Package textcomp Info: Setting cmtl sub-encoding to TS1/0 on input line 354.
Package textcomp Info: Setting ccr sub-encoding to TS1/0 on input line 355.
Package textcomp Info: Setting ptm sub-encoding to TS1/4 on input line 356.
Package textcomp Info: Setting pcr sub-encoding to TS1/4 on input line 357.
Package textcomp Info: Setting phv sub-encoding to TS1/4 on input line 358.
Package textcomp Info: Setting ppl sub-encoding to TS1/3 on input line 359.
Package textcomp Info: Setting pag sub-encoding to TS1/4 on input line 360.
Package textcomp Info: Setting pbk sub-encoding to TS1/4 on input line 361.
Package textcomp Info: Setting pnc sub-encoding to TS1/4 on input line 362.
Package textcomp Info: Setting pzc sub-encoding to TS1/4 on input line 363.
Package textcomp Info: Setting bch sub-encoding to TS1/4 on input line 364.
Package textcomp Info: Setting put sub-encoding to TS1/5 on input line 365.
Package textcomp Info: Setting uag sub-encoding to TS1/5 on input line 366.
Package textcomp Info: Setting ugq sub-encoding to TS1/5 on input line 367.
Package textcomp Info: Setting ul8 sub-encoding to TS1/4 on input line 368.
Package textcomp Info: Setting ul9 sub-encoding to TS1/4 on input line 369.
Package textcomp Info: Setting augie sub-encoding to TS1/5 on input line 370.
Package textcomp Info: Setting dayrom sub-encoding to TS1/3 on input line 371.
Package textcomp Info: Setting dayroms sub-encoding to TS1/3 on input line 372.

Package textcomp Info: Setting pxr sub-encoding to TS1/0 on input line 373.
Package textcomp Info: Setting pxss sub-encoding to TS1/0 on input line 374.
Package textcomp Info: Setting pxtt sub-encoding to TS1/0 on input line 375.
Package textcomp Info: Setting txr sub-encoding to TS1/0 on input line 376.
Package textcomp Info: Setting txss sub-encoding to TS1/0 on input line 377.
Package textcomp Info: Setting txtt sub-encoding to TS1/0 on input line 378.
Package textcomp Info: Setting lmr sub-encoding to TS1/0 on input line 379.
Package textcomp Info: Setting lmdh sub-encoding to TS1/0 on input line 380.
Package textcomp Info: Setting lmss sub-encoding to TS1/0 on input line 381.
Package textcomp Info: Setting lmssq sub-encoding to TS1/0 on input line 382.
Package textcomp Info: Setting lmvtt sub-encoding to TS1/0 on input line 383.
Package textcomp Info: Setting lmtt sub-encoding to TS1/0 on input line 384.
Package textcomp Info: Setting qhv sub-encoding to TS1/0 on input line 385.
Package textcomp Info: Setting qag sub-encoding to TS1/0 on input line 386.
Package textcomp Info: Setting qbk sub-encoding to TS1/0 on input line 387.
Package textcomp Info: Setting qcr sub-encoding to TS1/0 on input line 388.
Package textcomp Info: Setting qcs sub-encoding to TS1/0 on input line 389.
Package textcomp Info: Setting qpl sub-encoding to TS1/0 on input line 390.
Package textcomp Info: Setting qtm sub-encoding to TS1/0 on input line 391.
Package textcomp Info: Setting qzc sub-encoding to TS1/0 on input line 392.
Package textcomp Info: Setting qhvc sub-encoding to TS1/0 on input line 393.
Package textcomp Info: Setting futs sub-encoding to TS1/4 on input line 394.
Package textcomp Info: Setting futx sub-encoding to TS1/4 on input line 395.
Package textcomp Info: Setting futj sub-encoding to TS1/4 on input line 396.
Package textcomp Info: Setting hlh sub-encoding to TS1/3 on input line 397.
Package textcomp Info: Setting hls sub-encoding to TS1/3 on input line 398.
Package textcomp Info: Setting hlst sub-encoding to TS1/3 on input line 399.
Package textcomp Info: Setting hlct sub-encoding to TS1/5 on input line 400.
Package textcomp Info: Setting hlx sub-encoding to TS1/5 on input line 401.
Package textcomp Info: Setting hlce sub-encoding to TS1/5 on input line 402.
Package textcomp Info: Setting hlcn sub-encoding to TS1/5 on input line 403.
Package textcomp Info: Setting hlcw sub-encoding to TS1/5 on input line 404.
Package textcomp Info: Setting hlcf sub-encoding to TS1/5 on input line 405.
Package textcomp Info: Setting pplx sub-encoding to TS1/3 on input line 406.
Package textcomp Info: Setting pplj sub-encoding to TS1/3 on input line 407.
Package textcomp Info: Setting ptmx sub-encoding to TS1/4 on input line 408.
Package textcomp Info: Setting ptmj sub-encoding to TS1/4 on input line 409.
) (/usr/share/texlive/texmf-dist/tex/latex/microtype/microtype.sty
Package: microtype 2018/01/14 v2.7a Micro-typographical refinements (RS)
(/usr/share/texlive/texmf-dist/tex/latex/graphics/keyval.sty
Package: keyval 2014/10/28 v1.15 key=value parser (DPC)
\KV@toks@=\toks22
)
\MT@toks=\toks23
\MT@count=\count100
LaTeX Info: Redefining \textls on input line 793.
\MT@outer@kern=\dimen112
LaTeX Info: Redefining \textmicrotypecontext on input line 1339.
\MT@listname@count=\count101
(/usr/share/texlive/texmf-dist/tex/latex/microtype/microtype-pdftex.def
File: microtype-pdftex.def 2018/01/14 v2.7a Definitions specific to pdftex (RS)

LaTeX Info: Redefining \lsstyle on input line 913.
LaTeX Info: Redefining \lslig on input line 913.
\MT@outer@space=\skip46
)
Package microtype Info: Loading configuration file microtype.cfg.
(/usr/share/texlive/texmf-dist/tex/latex/microtype/microtype.cfg
File: microtype.cfg 2018/01/14 v2.7a microtype main configuration file (RS)
)) (/usr/share/texlive/texmf-dist/tex/latex/parskip/parskip.sty
Package: parskip 2001/04/09 non-zero parskip adjustments
) (/usr/share/texlive/texmf-dist/tex/latex/hyperref/hyperref.sty
Package: hyperref 2018/02/06 v6.86b Hypertext links for LaTeX
(/usr/share/texlive/texmf-dist/tex/generic/oberdiek/hobsub-hyperref.sty
Package: hobsub-hyperref 2016/05/16 v1.14 Bundle oberdiek, subset hyperref (HO)

(/usr/share/texlive/texmf-dist/tex/generic/oberdiek/hobsub-generic.sty
Package: hobsub-generic 2016/05/16 v1.14 Bundle oberdiek, subset generic (HO)
Package: hobsub 2016/05/16 v1.14 Construct package bundles (HO)
Package: infwarerr 2016/05/16 v1.4 Providing info/warning/error messages (HO)
Package: ltxcmds 2016/05/16 v1.23 LaTeX kernel commands for general use (HO)
Package hobsub Info: Skipping package `ifluatex' (already loaded).
Package: ifvtex 2016/05/16 v1.6 Detect VTeX and its facilities (HO)
Package ifvtex Info: VTeX not detected.
Package: intcalc 2016/05/16 v1.2 Expandable calculations with integers (HO)
Package: ifpdf 2017/03/15 v3.2 Provides the ifpdf switch
Package: etexcmds 2016/05/16 v1.6 Avoid name clashes with e-TeX commands (HO)
Package etexcmds Info: Could not find \expanded.
(etexcmds)             That can mean that you are not using pdfTeX 1.50 or
(etexcmds)             that some package has redefined \expanded.
(etexcmds)             In the latter case, load this package earlier.
Package: kvsetkeys 2016/05/16 v1.17 Key value parser (HO)
Package: kvdefinekeys 2016/05/16 v1.4 Define keys (HO)
Package: pdftexcmds 2018/01/30 v0.27 Utility functions of pdfTeX for LuaTeX (HO
)
Package pdftexcmds Info: LuaTeX not detected.
Package pdftexcmds Info: \pdf@primitive is available.
Package pdftexcmds Info: \pdf@ifprimitive is available.
Package pdftexcmds Info: \pdfdraftmode found.
Package: pdfescape 2016/05/16 v1.14 Implements pdfTeX's escape features (HO)
Package: bigintcalc 2016/05/16 v1.4 Expandable calculations on big integers (HO
)
Package: bitset 2016/05/16 v1.2 Handle bit-vector datatype (HO)
Package: uniquecounter 2016/05/16 v1.3 Provide unlimited unique counter (HO)
)
Package hobsub Info: Skipping package `hobsub' (already loaded).
Package: letltxmacro 2016/05/16 v1.5 Let assignment for LaTeX macros (HO)
Package: hopatch 2016/05/16 v1.3 Wrapper for package hooks (HO)
Package: xcolor-patch 2016/05/16 xcolor patch
Package: atveryend 2016/05/16 v1.9 Hooks at the very end of document (HO)
Package atveryend Info: \enddocument detected (standard20110627).
Package: atbegshi 2016/06/09 v1.18 At begin shipout hook (HO)
Package: refcount 2016/05/16 v3.5 Data extraction from label references (HO)
Package: hycolor 2016/05/16 v1.8 Color options for hyperref/bookmark (HO)
) (/usr/share/texlive/texmf-dist/tex/latex/oberdiek/auxhook.sty
Package: auxhook 2016/05/16 v1.4 Hooks for auxiliary files (HO)
) (/usr/share/texlive/texmf-dist/tex/latex/oberdiek/kvoptions.sty
Package: kvoptions 2016/05/16 v3.12 Key value format for package options (HO)
)
\@linkdim=\dimen113
\Hy@linkcounter=\count102
\Hy@pagecounter=\count103
(/usr/share/texlive/texmf-dist/tex/latex/hyperref/pd1enc.def
File: pd1enc.def 2018/02/06 v6.86b Hyperref: PDFDocEncoding definition (HO)
Now handling font encoding PD1 ...
... no UTF-8 mapping file for font encoding PD1
)
\Hy@SavedSpaceFactor=\count104
(/usr/share/texlive/texmf-dist/tex/latex/latexconfig/hyperref.cfg
File: hyperref.cfg 2002/06/06 v1.2 hyperref configuration of TeXLive
)
Package hyperref Info: Option `unicode' set `true' on input line 4383.
(/usr/share/texlive/texmf-dist/tex/latex/hyperref/puenc.def
File: puenc.def 2018/02/06 v6.86b Hyperref: PDF Unicode definition (HO)
Now handling font encoding PU ...
... no UTF-8 mapping file for font encoding PU
)
Package hyperref Info: Hyper figures OFF on input line 4509.
Package hyperref Info: Link nesting OFF on input line 4514.
Package hyperref Info: Hyper index ON on input line 4517.
Package hyperref Info: Plain pages OFF on input line 4524.
Package hyperref Info: Backreferencing OFF on input line 4529.
Package hyperref Info: Implicit mode ON; LaTeX internals redefined.
Package hyperref Info: Bookmarks ON on input line 4762.
\c@Hy@tempcnt=\count105
(/usr/share/texlive/texmf-dist/tex/latex/url/url.sty
\Urlmuskip=\muskip11
Package: url 2013/09/16  ver 3.4  Verb mode for urls, etc.
)
LaTeX Info: Redefining \url on input line 5115.
\XeTeXLinkMargin=\dimen114
\Fld@menulength=\count106
\Field@Width=\dimen115
\Fld@charsize=\dimen116
Package hyperref Info: Hyper figures OFF on input line 6369.
Package hyperref Info: Link nesting OFF on input line 6374.
Package hyperref Info: Hyper index ON on input line 6377.
Package hyperref Info: backreferencing OFF on input line 6384.
Package hyperref Info: Link coloring OFF on input line 6389.
Package hyperref Info: Link coloring with OCG OFF on input line 6394.
Package hyperref Info: PDF/A mode OFF on input line 6399.
LaTeX Info: Redefining \ref on input line 6439.
LaTeX Info: Redefining \pageref on input line 6443.
\Hy@abspage=\count107
\c@Item=\count108
\c@Hfootnote=\count109
)
Package hyperref Info: Driver (autodetected): hpdftex.
(/usr/share/texlive/texmf-dist/tex/latex/hyperref/hpdftex.def
File: hpdftex.def 2018/02/06 v6.86b Hyperref driver for pdfTeX
\Fld@listcount=\count110
\c@bookmark@seq@number=\count111
(/usr/share/texlive/texmf-dist/tex/latex/oberdiek/rerunfilecheck.sty
Package: rerunfilecheck 2016/05/16 v1.8 Rerun checks for auxiliary files (HO)
Package uniquecounter Info: New unique counter `rerunfilecheck' on input line 2
82.
)
\Hy@SectionHShift=\skip47
)
Package hyperref Info: Option `breaklinks' set `true' on input line 35.
(/usr/share/texlive/texmf-dist/tex/latex/geometry/geometry.sty
Package: geometry 2018/04/16 v5.8 Page Geometry
\Gm@cnth=\count112
\Gm@cntv=\count113
\c@Gm@tempcnt=\count114
\Gm@bindingoffset=\dimen117
\Gm@wd@mp=\dimen118
\Gm@odd@mp=\dimen119
\Gm@even@mp=\dimen120
\Gm@layoutwidth=\dimen121
\Gm@layoutheight=\dimen122
\Gm@layouthoffset=\dimen123
\Gm@layoutvoffset=\dimen124
\Gm@dimlist=\toks24
) (/usr/share/texlive/texmf-dist/tex/latex/graphics/color.sty
Package: color 2016/07/10 v1.1e Standard LaTeX Color (DPC)
(/usr/share/texlive/texmf-dist/tex/latex/graphics-cfg/color.cfg
File: color.cfg 2016/01/02 v1.6 sample color configuration
)
Package color Info: Driver file: pdftex.def on input line 147.
(/usr/share/texlive/texmf-dist/tex/latex/graphics-def/pdftex.def
File: pdftex.def 2018/01/08 v1.0l Graphics/color driver for pdftex
)) (/usr/share/texlive/texmf-dist/tex/latex/fancyvrb/fancyvrb.sty
Package: fancyvrb 2008/02/07

Style option: `fancyvrb' v2.7a, with DG/SPQR fixes, and firstline=lastline fix 
<2008/02/07> (tvz)
\FV@CodeLineNo=\count115
\FV@InFile=\read1
\FV@TabBox=\box28
\c@FancyVerbLine=\count116
\FV@StepNumber=\count117
\FV@OutFile=\write3
) (/usr/share/texlive/texmf-dist/tex/latex/framed/framed.sty
Package: framed 2011/10/22 v 0.96: framed or shaded text with page breaks
\OuterFrameSep=\skip48
\fb@frw=\dimen125
\fb@frh=\dimen126
\FrameRule=\dimen127
\FrameSep=\dimen128
) (/usr/share/texlive/texmf-dist/tex/latex/graphics/graphicx.sty
Package: graphicx 2017/06/01 v1.1a Enhanced LaTeX Graphics (DPC,SPQR)
(/usr/share/texlive/texmf-dist/tex/latex/graphics/graphics.sty
Package: graphics 2017/06/25 v1.2c Standard LaTeX Graphics (DPC,SPQR)
(/usr/share/texlive/texmf-dist/tex/latex/graphics/trig.sty
Package: trig 2016/01/03 v1.10 sin cos tan (DPC)
) (/usr/share/texlive/texmf-dist/tex/latex/graphics-cfg/graphics.cfg
File: graphics.cfg 2016/06/04 v1.11 sample graphics configuration
)
Package graphics Info: Driver file: pdftex.def on input line 99.
)
\Gin@req@height=\dimen129
\Gin@req@width=\dimen130
) (/usr/share/texlive/texmf-dist/tex/latex/oberdiek/grffile.sty
Package: grffile 2017/06/30 v1.18 Extended file name support for graphics (HO)
Package grffile Info: Option `multidot' is set to `true'.
Package grffile Info: Option `extendedchars' is set to `false'.
Package grffile Info: Option `space' is set to `true'.
Package grffile Info: \Gin@ii of package `graphicx' fixed on input line 494.
) (./PracticalMachineLearningNotes.aux)
\openout1 = `PracticalMachineLearningNotes.aux'.

LaTeX Font Info:    Checking defaults for OML/cmm/m/it on input line 111.
LaTeX Font Info:    ... okay on input line 111.
LaTeX Font Info:    Checking defaults for T1/cmr/m/n on input line 111.
LaTeX Font Info:    ... okay on input line 111.
LaTeX Font Info:    Checking defaults for OT1/cmr/m/n on input line 111.
LaTeX Font Info:    ... okay on input line 111.
LaTeX Font Info:    Checking defaults for OMS/cmsy/m/n on input line 111.
LaTeX Font Info:    ... okay on input line 111.
LaTeX Font Info:    Checking defaults for OMX/cmex/m/n on input line 111.
LaTeX Font Info:    ... okay on input line 111.
LaTeX Font Info:    Checking defaults for U/cmr/m/n on input line 111.
LaTeX Font Info:    ... okay on input line 111.
LaTeX Font Info:    Checking defaults for TS1/cmr/m/n on input line 111.
LaTeX Font Info:    Try loading font information for TS1+cmr on input line 111.

(/usr/share/texlive/texmf-dist/tex/latex/base/ts1cmr.fd
File: ts1cmr.fd 2014/09/29 v2.5h Standard LaTeX font definitions
)
LaTeX Font Info:    ... okay on input line 111.
LaTeX Font Info:    Checking defaults for PD1/pdf/m/n on input line 111.
LaTeX Font Info:    ... okay on input line 111.
LaTeX Font Info:    Checking defaults for PU/pdf/m/n on input line 111.
LaTeX Font Info:    ... okay on input line 111.
LaTeX Font Info:    Try loading font information for T1+lmr on input line 111.
(/usr/share/texlive/texmf-dist/tex/latex/lm/t1lmr.fd
File: t1lmr.fd 2009/10/30 v1.6 Font defs for Latin Modern
)
LaTeX Info: Redefining \microtypecontext on input line 111.
Package microtype Info: Generating PDF output.
Package microtype Info: Character protrusion enabled (level 2).
Package microtype Info: Using protrusion set `basicmath'.
Package microtype Info: Automatic font expansion enabled (level 2),
(microtype)             stretch: 20, shrink: 20, step: 1, non-selected.
Package microtype Info: Using default expansion set `basictext'.
Package microtype Info: No adjustment of tracking.
Package microtype Info: No adjustment of interword spacing.
Package microtype Info: No adjustment of character kerning.
(/usr/share/texlive/texmf-dist/tex/latex/microtype/mt-cmr.cfg
File: mt-cmr.cfg 2013/05/19 v2.2 microtype config. file: Computer Modern Roman 
(RS)
)
\AtBeginShipoutBox=\box29
Package hyperref Info: Link coloring OFF on input line 111.
(/usr/share/texlive/texmf-dist/tex/latex/hyperref/nameref.sty
Package: nameref 2016/05/21 v2.44 Cross-referencing by name of section
(/usr/share/texlive/texmf-dist/tex/generic/oberdiek/gettitlestring.sty
Package: gettitlestring 2016/05/16 v1.5 Cleanup title references (HO)
)
\c@section@level=\count118
)
LaTeX Info: Redefining \ref on input line 111.
LaTeX Info: Redefining \pageref on input line 111.
LaTeX Info: Redefining \nameref on input line 111.
(./PracticalMachineLearningNotes.out) (./PracticalMachineLearningNotes.out)
\@outlinefile=\write4
\openout4 = `PracticalMachineLearningNotes.out'.

*geometry* driver: auto-detecting
*geometry* detected driver: pdftex
*geometry* verbose mode - [ preamble ] result:
* driver: pdftex
* paper: <default>
* layout: <same size as paper>
* layoutoffset:(h,v)=(0.0pt,0.0pt)
* modes: 
* h-part:(L,W,R)=(72.26999pt, 469.75502pt, 72.26999pt)
* v-part:(T,H,B)=(72.26999pt, 650.43001pt, 72.26999pt)
* \paperwidth=614.295pt
* \paperheight=794.96999pt
* \textwidth=469.75502pt
* \textheight=650.43001pt
* \oddsidemargin=0.0pt
* \evensidemargin=0.0pt
* \topmargin=-37.0pt
* \headheight=12.0pt
* \headsep=25.0pt
* \topskip=11.0pt
* \footskip=30.0pt
* \marginparwidth=59.0pt
* \marginparsep=10.0pt
* \columnsep=10.0pt
* \skip\footins=10.0pt plus 4.0pt minus 2.0pt
* \hoffset=0.0pt
* \voffset=0.0pt
* \mag=1000
* \@twocolumnfalse
* \@twosidefalse
* \@mparswitchfalse
* \@reversemarginfalse
* (1in=72.27pt=25.4mm, 1cm=28.453pt)

(/usr/share/texlive/texmf-dist/tex/context/base/mkii/supp-pdf.mkii
[Loading MPS to PDF converter (version 2006.09.02).]
\scratchcounter=\count119
\scratchdimen=\dimen131
\scratchbox=\box30
\nofMPsegments=\count120
\nofMParguments=\count121
\everyMPshowfont=\toks25
\MPscratchCnt=\count122
\MPscratchDim=\dimen132
\MPnumerator=\count123
\makeMPintoPDFobject=\count124
\everyMPtoPDFconversion=\toks26
) (/usr/share/texlive/texmf-dist/tex/latex/oberdiek/epstopdf-base.sty
Package: epstopdf-base 2016/05/15 v2.6 Base part for package epstopdf
(/usr/share/texlive/texmf-dist/tex/latex/oberdiek/grfext.sty
Package: grfext 2016/05/16 v1.2 Manage graphics extensions (HO)
)
Package epstopdf-base Info: Redefining graphics rule for `.eps' on input line 4
38.
Package grfext Info: Graphics extension search list:
(grfext)             [.pdf,.png,.jpg,.mps,.jpeg,.jbig2,.jb2,.PDF,.PNG,.JPG,.JPE
G,.JBIG2,.JB2,.eps]
(grfext)             \AppendGraphicsExtensions on input line 456.
(/usr/share/texlive/texmf-dist/tex/latex/latexconfig/epstopdf-sys.cfg
File: epstopdf-sys.cfg 2010/07/13 v1.3 Configuration of (r)epstopdf for TeX Liv
e
))
LaTeX Font Info:    Try loading font information for OT1+lmr on input line 113.

(/usr/share/texlive/texmf-dist/tex/latex/lm/ot1lmr.fd
File: ot1lmr.fd 2009/10/30 v1.6 Font defs for Latin Modern
)
LaTeX Font Info:    Try loading font information for OML+lmm on input line 113.

(/usr/share/texlive/texmf-dist/tex/latex/lm/omllmm.fd
File: omllmm.fd 2009/10/30 v1.6 Font defs for Latin Modern
)
LaTeX Font Info:    Try loading font information for OMS+lmsy on input line 113
.
(/usr/share/texlive/texmf-dist/tex/latex/lm/omslmsy.fd
File: omslmsy.fd 2009/10/30 v1.6 Font defs for Latin Modern
)
LaTeX Font Info:    Try loading font information for OMX+lmex on input line 113
.
(/usr/share/texlive/texmf-dist/tex/latex/lm/omxlmex.fd
File: omxlmex.fd 2009/10/30 v1.6 Font defs for Latin Modern
)
LaTeX Font Info:    External font `lmex10' loaded for size
(Font)              <12> on input line 113.
LaTeX Font Info:    External font `lmex10' loaded for size
(Font)              <8> on input line 113.
LaTeX Font Info:    External font `lmex10' loaded for size
(Font)              <6> on input line 113.
LaTeX Font Info:    Try loading font information for U+msa on input line 113.
(/usr/share/texlive/texmf-dist/tex/latex/amsfonts/umsa.fd
File: umsa.fd 2013/01/14 v3.01 AMS symbols A
) (/usr/share/texlive/texmf-dist/tex/latex/microtype/mt-msa.cfg
File: mt-msa.cfg 2006/02/04 v1.1 microtype config. file: AMS symbols (a) (RS)
)
LaTeX Font Info:    Try loading font information for U+msb on input line 113.
(/usr/share/texlive/texmf-dist/tex/latex/amsfonts/umsb.fd
File: umsb.fd 2013/01/14 v3.01 AMS symbols B
) (/usr/share/texlive/texmf-dist/tex/latex/microtype/mt-msb.cfg
File: mt-msb.cfg 2005/06/01 v1.0 microtype config. file: AMS symbols (b) (RS)
) (./PracticalMachineLearningNotes.toc
LaTeX Font Info:    External font `lmex10' loaded for size
(Font)              <10.95> on input line 2.
[1

{/usr/share/texlive/texmf-dist/fonts/map/pdftex/updmap/pdftex.map}] [2] [3])
\tf@toc=\write5
\openout5 = `PracticalMachineLearningNotes.toc'.

LaTeX Font Info:    Try loading font information for TS1+lmr on input line 124.

(/usr/share/texlive/texmf-dist/tex/latex/lm/ts1lmr.fd
File: ts1lmr.fd 2009/10/30 v1.6 Font defs for Latin Modern
)
Underfull \hbox (badness 10000) in paragraph at lines 129--131

 []


Underfull \hbox (badness 10000) in paragraph at lines 131--133

 []


Underfull \hbox (badness 10000) in paragraph at lines 133--134

 []


Underfull \hbox (badness 10000) in paragraph at lines 141--143

 []


Underfull \hbox (badness 10000) in paragraph at lines 143--144

 []


Underfull \hbox (badness 10000) in paragraph at lines 151--153

 []


Underfull \hbox (badness 10000) in paragraph at lines 153--155

 []


Underfull \hbox (badness 10000) in paragraph at lines 155--157

 []

[4]
Underfull \hbox (badness 10000) in paragraph at lines 206--208

 []


Underfull \hbox (badness 10000) in paragraph at lines 208--210

 []


Underfull \hbox (badness 10000) in paragraph at lines 210--212

 []


Underfull \hbox (badness 10000) in paragraph at lines 212--214

 []


Underfull \hbox (badness 10000) in paragraph at lines 214--215

 []


Underfull \hbox (badness 10000) in paragraph at lines 227--229

 []


Underfull \hbox (badness 10000) in paragraph at lines 231--233

 []

[5]
Underfull \hbox (badness 10000) in paragraph at lines 252--254

 []


Underfull \hbox (badness 10000) in paragraph at lines 255--257

 []


Underfull \hbox (badness 10000) in paragraph at lines 258--260

 []


Underfull \hbox (badness 10000) in paragraph at lines 261--263

 []


Underfull \hbox (badness 10000) in paragraph at lines 264--266

 []


Underfull \hbox (badness 10000) in paragraph at lines 278--281

 []

<./Images/ML_Main_Idea.png, id=785, 843.15pt x 521.95pt>
File: ./Images/ML_Main_Idea.png Graphic file (type png)
<use ./Images/ML_Main_Idea.png>
Package pdftex.def Info: ./Images/ML_Main_Idea.png  used on input line 283.
(pdftex.def)             Requested size: 442.3902pt x 273.8606pt.

Underfull \hbox (badness 10000) in paragraph at lines 285--286

 []


Underfull \hbox (badness 10000) in paragraph at lines 292--294

 []


Underfull \hbox (badness 10000) in paragraph at lines 294--297

 []

[6 <./Images/ML_Main_Idea.png>]
Underfull \hbox (badness 10000) in paragraph at lines 297--300

 []


Underfull \hbox (badness 10000) in paragraph at lines 318--320

 []


Underfull \hbox (badness 10000) in paragraph at lines 320--323

 []


Underfull \hbox (badness 10000) in paragraph at lines 323--326

 []


Underfull \hbox (badness 10000) in paragraph at lines 326--330

 []


Underfull \hbox (badness 10000) in paragraph at lines 342--343

 []


Underfull \hbox (badness 10000) in paragraph at lines 357--358

 []


Underfull \hbox (badness 10000) in paragraph at lines 371--372

 []


Underfull \hbox (badness 10000) in paragraph at lines 385--386

 []


Underfull \hbox (badness 10000) in paragraph at lines 399--400

 []


Underfull \hbox (badness 10000) in paragraph at lines 413--414

 []

[7]
Underfull \hbox (badness 10000) in paragraph at lines 428--431

 []


Underfull \hbox (badness 10000) in paragraph at lines 431--434

 []

LaTeX Font Info:    Try loading font information for T1+lmtt on input line 440.

(/usr/share/texlive/texmf-dist/tex/latex/lm/t1lmtt.fd
File: t1lmtt.fd 2009/10/30 v1.6 Font defs for Latin Modern
)
Underfull \hbox (badness 10000) in paragraph at lines 439--442

 []


Underfull \hbox (badness 10000) in paragraph at lines 442--445

 []

LaTeX Font Info:    Font shape `T1/lmtt/bx/n' in size <10.95> not available
(Font)              Font shape `T1/lmtt/b/n' tried instead on input line 454.

Overfull \hbox (7.38986pt too wide) in paragraph at lines 520--520
[]\T1/lmtt/m/n/10.95 ##  $ our              : num  0.32 0.14 1.23 0.63 0.63 1.8
5 1.92 1.88 0.61 0.19 ...[] 
 []

[8]
Overfull \hbox (36.13353pt too wide) in paragraph at lines 520--520
[]\T1/lmtt/m/n/10.95 ##  $ charRoundbracket : num  0 0.132 0.143 0.137 0.135 0.
223 0.054 0.206 0.271 0.03 ...[] 
 []


Overfull \hbox (18.88733pt too wide) in paragraph at lines 520--520
[]\T1/lmtt/m/n/10.95 ##  $ charExclamation  : num  0.778 0.372 0.276 0.137 0.13
5 0 0.164 0 0.181 0.244 ...[] 
 []


Overfull \hbox (18.88733pt too wide) in paragraph at lines 520--520
[]\T1/lmtt/m/n/10.95 ##  $ type             : Factor w/ 2 levels "nonspam","spa
m": 2 2 2 2 2 2 2 2 2 2 ...[] 
 []

<PracticalMachineLearningNotes_files/figure-latex/unnamed-chunk-2-1.pdf, id=821
, 469.755pt x 325.215pt>
File: PracticalMachineLearningNotes_files/figure-latex/unnamed-chunk-2-1.pdf Gr
aphic file (type pdf)
<use PracticalMachineLearningNotes_files/figure-latex/unnamed-chunk-2-1.pdf>
Package pdftex.def Info: PracticalMachineLearningNotes_files/figure-latex/unnam
ed-chunk-2-1.pdf  used on input line 530.
(pdftex.def)             Requested size: 469.75386pt x 325.2142pt.
[9]
Underfull \hbox (badness 10000) in paragraph at lines 535--538

 []


Underfull \hbox (badness 10000) in paragraph at lines 538--541

 []


Underfull \hbox (badness 10000) in paragraph at lines 546--548

 []

<PracticalMachineLearningNotes_files/figure-latex/unnamed-chunk-3-1.pdf, id=826
, 469.755pt x 325.215pt>
File: PracticalMachineLearningNotes_files/figure-latex/unnamed-chunk-3-1.pdf Gr
aphic file (type pdf)
<use PracticalMachineLearningNotes_files/figure-latex/unnamed-chunk-3-1.pdf>
Package pdftex.def Info: PracticalMachineLearningNotes_files/figure-latex/unnam
ed-chunk-3-1.pdf  used on input line 561.
(pdftex.def)             Requested size: 469.75386pt x 325.2142pt.
[10 <./PracticalMachineLearningNotes_files/figure-latex/unnamed-chunk-2-1.pdf>]

Underfull \hbox (badness 10000) in paragraph at lines 566--569

 []

[11 <./PracticalMachineLearningNotes_files/figure-latex/unnamed-chunk-3-1.pdf>]

Underfull \hbox (badness 10000) in paragraph at lines 620--622

 []


Underfull \hbox (badness 10000) in paragraph at lines 622--624

 []


Underfull \hbox (badness 10000) in paragraph at lines 624--626

 []


Underfull \hbox (badness 10000) in paragraph at lines 626--630

 []


Underfull \hbox (badness 10000) in paragraph at lines 644--646

 []


Underfull \hbox (badness 10000) in paragraph at lines 646--648

 []


Underfull \hbox (badness 10000) in paragraph at lines 648--649

 []


Underfull \hbox (badness 10000) in paragraph at lines 656--659

 []


Underfull \hbox (badness 10000) in paragraph at lines 659--661

 []

<./Images/Linear_vs_Model.png, id=849, 772.8875pt x 476.78125pt>
File: ./Images/Linear_vs_Model.png Graphic file (type png)
<use ./Images/Linear_vs_Model.png>
Package pdftex.def Info: ./Images/Linear_vs_Model.png  used on input line 671.
(pdftex.def)             Requested size: 469.75066pt x 289.78123pt.

Underfull \hbox (badness 10000) in paragraph at lines 678--681

 []


Underfull \hbox (badness 10000) in paragraph at lines 700--702

 []


Underfull \hbox (badness 10000) in paragraph at lines 709--710

 []

[12]
Underfull \hbox (badness 10000) in paragraph at lines 717--719

 []


Underfull \hbox (badness 10000) in paragraph at lines 726--727

 []


Underfull \hbox (badness 10000) in paragraph at lines 746--749

 []


Underfull \hbox (badness 10000) in paragraph at lines 755--760

 []


Underfull \hbox (badness 10000) in paragraph at lines 784--788

 []

[13 <./Images/Linear_vs_Model.png>]
Underfull \hbox (badness 10000) in paragraph at lines 788--791

 []


Underfull \hbox (badness 10000) in paragraph at lines 791--792

 []


Underfull \hbox (badness 10000) in paragraph at lines 798--800

 []


Underfull \hbox (badness 10000) in paragraph at lines 800--801

 []


Underfull \hbox (badness 10000) in paragraph at lines 806--808

 []


Underfull \hbox (badness 10000) in paragraph at lines 815--816

 []

<PracticalMachineLearningNotes_files/figure-latex/unnamed-chunk-5-1.pdf, id=874
, 469.755pt x 325.215pt>
File: PracticalMachineLearningNotes_files/figure-latex/unnamed-chunk-5-1.pdf Gr
aphic file (type pdf)
<use PracticalMachineLearningNotes_files/figure-latex/unnamed-chunk-5-1.pdf>
Package pdftex.def Info: PracticalMachineLearningNotes_files/figure-latex/unnam
ed-chunk-5-1.pdf  used on input line 842.
(pdftex.def)             Requested size: 469.75386pt x 325.2142pt.
[14]
Underfull \hbox (badness 10000) in paragraph at lines 850--852

 []


Underfull \hbox (badness 10000) in paragraph at lines 860--862

 []

[15 <./PracticalMachineLearningNotes_files/figure-latex/unnamed-chunk-5-1.pdf>]

Underfull \hbox (badness 10000) in paragraph at lines 895--897

 []


Underfull \hbox (badness 10000) in paragraph at lines 897--899

 []

[16]
Underfull \hbox (badness 10000) in paragraph at lines 1018--1020

 []


Underfull \hbox (badness 10000) in paragraph at lines 1020--1021

 []


Underfull \hbox (badness 10000) in paragraph at lines 1023--1025

 []


Underfull \hbox (badness 10000) in paragraph at lines 1030--1032

 []


Underfull \hbox (badness 10000) in paragraph at lines 1043--1045

 []


Underfull \hbox (badness 10000) in paragraph at lines 1045--1046

 []


Underfull \hbox (badness 10000) in paragraph at lines 1051--1053

 []


Underfull \hbox (badness 10000) in paragraph at lines 1053--1055

 []


Underfull \hbox (badness 10000) in paragraph at lines 1055--1056

 []


Underfull \hbox (badness 10000) in paragraph at lines 1063--1066

 []

[17]
Underfull \hbox (badness 10000) in paragraph at lines 1085--1087

 []

<./Images/studyDesign.png, id=914, 312.16624pt x 357.335pt>
File: ./Images/studyDesign.png Graphic file (type png)
<use ./Images/studyDesign.png>
Package pdftex.def Info: ./Images/studyDesign.png  used on input line 1109.
(pdftex.def)             Requested size: 312.17024pt x 357.33957pt.

Underfull \hbox (badness 10000) in paragraph at lines 1116--1120

 []

[18 <./Images/studyDesign.png>]
Underfull \hbox (badness 10000) in paragraph at lines 1120--1123

 []


Underfull \hbox (badness 10000) in paragraph at lines 1141--1143

 []


Underfull \hbox (badness 10000) in paragraph at lines 1143--1144

 []


Underfull \hbox (badness 10000) in paragraph at lines 1146--1148

 []


Underfull \hbox (badness 10000) in paragraph at lines 1154--1156

 []


Underfull \hbox (badness 10000) in paragraph at lines 1156--1158

 []


Underfull \hbox (badness 10000) in paragraph at lines 1158--1159

 []


Underfull \hbox (badness 10000) in paragraph at lines 1177--1179

 []


Underfull \hbox (badness 10000) in paragraph at lines 1179--1181

 []


Underfull \hbox (badness 10000) in paragraph at lines 1181--1182

 []


Underfull \hbox (badness 10000) in paragraph at lines 1189--1191

 []


Underfull \hbox (badness 10000) in paragraph at lines 1191--1192

 []


Underfull \hbox (badness 10000) in paragraph at lines 1199--1201

 []


Underfull \hbox (badness 10000) in paragraph at lines 1212--1214

 []

[19]
Underfull \hbox (badness 10000) in paragraph at lines 1214--1216

 []


Underfull \hbox (badness 10000) in paragraph at lines 1221--1223

 []


Underfull \hbox (badness 10000) in paragraph at lines 1230--1232

 []


Underfull \hbox (badness 10000) in paragraph at lines 1267--1271

 []


Underfull \hbox (badness 10000) in paragraph at lines 1271--1275

 []


Underfull \hbox (badness 10000) in paragraph at lines 1275--1280

 []


Underfull \hbox (badness 10000) in paragraph at lines 1280--1283

 []


Underfull \hbox (badness 10000) in paragraph at lines 1283--1285

 []


Underfull \hbox (badness 10000) in paragraph at lines 1292--1295

 []

[20]
Underfull \hbox (badness 10000) in paragraph at lines 1295--1298

 []


Underfull \hbox (badness 10000) in paragraph at lines 1316--1318

 []


Underfull \hbox (badness 10000) in paragraph at lines 1318--1320

 []


Underfull \hbox (badness 10000) in paragraph at lines 1320--1322

 []


Underfull \hbox (badness 10000) in paragraph at lines 1322--1324

 []


Underfull \hbox (badness 10000) in paragraph at lines 1346--1348

 []


Underfull \hbox (badness 10000) in paragraph at lines 1348--1350

 []


Underfull \hbox (badness 10000) in paragraph at lines 1350--1352

 []


Underfull \hbox (badness 10000) in paragraph at lines 1352--1354

 []


Underfull \hbox (badness 10000) in paragraph at lines 1367--1369

 []

[21]
Underfull \hbox (badness 10000) in paragraph at lines 1369--1371

 []


Underfull \hbox (badness 10000) in paragraph at lines 1371--1373

 []


Underfull \hbox (badness 10000) in paragraph at lines 1373--1375

 []


Underfull \hbox (badness 10000) in paragraph at lines 1398--1399

 []


Underfull \hbox (badness 10000) in paragraph at lines 1404--1405

 []


Underfull \hbox (badness 10000) in paragraph at lines 1412--1413

 []


Underfull \hbox (badness 10000) in paragraph at lines 1418--1422

 []


Underfull \hbox (badness 10000) in paragraph at lines 1422--1423

 []


Underfull \hbox (badness 10000) in paragraph at lines 1430--1431

 []


Underfull \hbox (badness 10000) in paragraph at lines 1436--1437

 []


Underfull \hbox (badness 10000) in paragraph at lines 1444--1445

 []


Underfull \hbox (badness 10000) in paragraph at lines 1450--1451

 []


Underfull \hbox (badness 10000) in paragraph at lines 1458--1459

 []


Underfull \hbox (badness 10000) in paragraph at lines 1464--1465

 []

[22]
Underfull \hbox (badness 10000) in paragraph at lines 1472--1473

 []


Underfull \hbox (badness 10000) in paragraph at lines 1478--1480

 []


Underfull \hbox (badness 10000) in paragraph at lines 1487--1488

 []


Underfull \hbox (badness 10000) in paragraph at lines 1503--1505

 []


Underfull \hbox (badness 10000) in paragraph at lines 1512--1514

 []


Underfull \hbox (badness 10000) in paragraph at lines 1514--1515

 []


Underfull \hbox (badness 10000) in paragraph at lines 1517--1519

 []


Underfull \hbox (badness 10000) in paragraph at lines 1519--1522

 []

<./Images/ROCexample.png, id=960, 90.3375pt x 87.62738pt>
File: ./Images/ROCexample.png Graphic file (type png)
<use ./Images/ROCexample.png>
Package pdftex.def Info: ./Images/ROCexample.png  used on input line 1523.
(pdftex.def)             Requested size: 90.33727pt x 87.62715pt.

Underfull \hbox (badness 10000) in paragraph at lines 1532--1535

 []


Underfull \hbox (badness 10000) in paragraph at lines 1535--1537

 []


Underfull \hbox (badness 10000) in paragraph at lines 1543--1545

 []

[23 <./Images/ROCexample.png>]
Underfull \hbox (badness 10000) in paragraph at lines 1571--1573

 []


Underfull \hbox (badness 10000) in paragraph at lines 1573--1575

 []


Underfull \hbox (badness 10000) in paragraph at lines 1575--1578

 []

<./Images/randomSubsampling.png, id=970, 653.44125pt x 426.59375pt>
File: ./Images/randomSubsampling.png Graphic file (type png)
<use ./Images/randomSubsampling.png>
Package pdftex.def Info: ./Images/randomSubsampling.png  used on input line 159
9.
(pdftex.def)             Requested size: 469.74948pt x 306.67207pt.
<./Images/kfold.png, id=971, 613.29124pt x 416.55624pt>
File: ./Images/kfold.png Graphic file (type png)
<use ./Images/kfold.png>
Package pdftex.def Info: ./Images/kfold.png  used on input line 1605.
(pdftex.def)             Requested size: 469.75583pt x 319.06493pt.
<./Images/LeaveOneOut.png, id=972, 613.29124pt x 425.59pt>
File: ./Images/LeaveOneOut.png Graphic file (type png)
<use ./Images/LeaveOneOut.png>
Package pdftex.def Info: ./Images/LeaveOneOut.png  used on input line 1617.
(pdftex.def)             Requested size: 469.75583pt x 325.98439pt.

Underfull \hbox (badness 10000) in paragraph at lines 1634--1636

 []


Underfull \hbox (badness 10000) in paragraph at lines 1641--1643

 []


Underfull \hbox (badness 10000) in paragraph at lines 1643--1644

 []


Underfull \hbox (badness 10000) in paragraph at lines 1646--1648

 []


Underfull \hbox (badness 10000) in paragraph at lines 1653--1655

 []


Underfull \hbox (badness 10000) in paragraph at lines 1655--1658

 []

[24] [25 <./Images/randomSubsampling.png>] [26 <./Images/kfold.png>] [27 <./Ima
ges/LeaveOneOut.png>]
Underfull \hbox (badness 10000) in paragraph at lines 1676--1678

 []


Underfull \hbox (badness 10000) in paragraph at lines 1678--1680

 []


Underfull \hbox (badness 10000) in paragraph at lines 1680--1681

 []


Underfull \hbox (badness 10000) in paragraph at lines 1683--1686

 []


Underfull \hbox (badness 10000) in paragraph at lines 1691--1693

 []

<./Images/choc.png, id=1003, 799.98875pt x 644.4075pt>
File: ./Images/choc.png Graphic file (type png)
<use ./Images/choc.png>
Package pdftex.def Info: ./Images/choc.png  used on input line 1698.
(pdftex.def)             Requested size: 442.38771pt x 356.35246pt.
[28] [29 <./Images/choc.png>]
Underfull \hbox (badness 10000) in paragraph at lines 1786--1787

 []


Underfull \hbox (badness 10000) in paragraph at lines 1794--1796

 []


Underfull \hbox (badness 10000) in paragraph at lines 1796--1798

 []


Underfull \hbox (badness 10000) in paragraph at lines 1798--1799

 []


Underfull \hbox (badness 10000) in paragraph at lines 1806--1808

 []


Underfull \hbox (badness 10000) in paragraph at lines 1808--1809

 []

[30]
Underfull \hbox (badness 10000) in paragraph at lines 1826--1828

 []


Underfull \hbox (badness 10000) in paragraph at lines 1828--1830

 []


Underfull \hbox (badness 10000) in paragraph at lines 1830--1832

 []


Underfull \hbox (badness 10000) in paragraph at lines 1832--1834

 []


Underfull \hbox (badness 10000) in paragraph at lines 1834--1836

 []


Underfull \hbox (badness 10000) in paragraph at lines 1836--1838

 []


Underfull \hbox (badness 10000) in paragraph at lines 1838--1840

 []


Underfull \hbox (badness 10000) in paragraph at lines 1840--1842

 []

<./Images/base_r_predict_params.png, id=1028, 602.25pt x 185.69376pt>
File: ./Images/base_r_predict_params.png Graphic file (type png)
<use ./Images/base_r_predict_params.png>
Package pdftex.def Info: ./Images/base_r_predict_params.png  used on input line
 1843.
(pdftex.def)             Requested size: 442.3957pt x 136.40535pt.
[31 <./Images/base_r_predict_params.png>] [32] [33]
Underfull \hbox (badness 10000) in paragraph at lines 2061--2063

 []


Underfull \hbox (badness 10000) in paragraph at lines 2068--2070

 []


Underfull \hbox (badness 10000) in paragraph at lines 2070--2074

 []

[34] [35]
Overfull \hbox (30.3848pt too wide) in paragraph at lines 2271--2271
[]\T1/lmtt/m/n/10.95 ##     metric = ifelse(is.factor(y), "Accuracy", "RMSE"), 
maximize = ifelse(metric %in%[] 
 []


Underfull \hbox (badness 10000) in paragraph at lines 2281--2284

 []


Underfull \hbox (badness 10000) in paragraph at lines 2284--2287

 []

[36]
Underfull \hbox (badness 10000) in paragraph at lines 2294--2296

 []


Underfull \hbox (badness 10000) in paragraph at lines 2296--2298

 []


Underfull \hbox (badness 10000) in paragraph at lines 2298--2300

 []


Overfull \hbox (191.34933pt too wide) in paragraph at lines 2338--2338
[]\T1/lmtt/m/n/10.95 - `method` will determine how it samples data, along with 
the `number` of times and how many the process `repeats`.[] 
 []


Overfull \hbox (496.03221pt too wide) in paragraph at lines 2338--2338
[]\T1/lmtt/m/n/10.95 - `seeds` is available to set seeds for all the diffrent r
esampling layers, helpful when running in parallel. Often useful to set an over
all seed outside this argument.[] 
 []


Underfull \hbox (badness 10000) in paragraph at lines 2351--2353

 []


Underfull \hbox (badness 10000) in paragraph at lines 2353--2355

 []


Underfull \hbox (badness 10000) in paragraph at lines 2355--2357

 []


Underfull \hbox (badness 10000) in paragraph at lines 2357--2359

 []


Underfull \hbox (badness 10000) in paragraph at lines 2359--2360

 []


Underfull \hbox (badness 10000) in paragraph at lines 2367--2369

 []

[37]
Underfull \hbox (badness 10000) in paragraph at lines 2369--2370

 []


Underfull \hbox (badness 10000) in paragraph at lines 2377--2379

 []

[38]
<PracticalMachineLearningNotes_files/figure-latex/unnamed-chunk-27-1.pdf, id=10
84, 469.755pt x 325.215pt>
File: PracticalMachineLearningNotes_files/figure-latex/unnamed-chunk-27-1.pdf G
raphic file (type pdf)
<use PracticalMachineLearningNotes_files/figure-latex/unnamed-chunk-27-1.pdf>
Package pdftex.def Info: PracticalMachineLearningNotes_files/figure-latex/unnam
ed-chunk-27-1.pdf  used on input line 2467.
(pdftex.def)             Requested size: 469.75386pt x 325.2142pt.

Underfull \hbox (badness 10000) in paragraph at lines 2472--2478

 []

[39 <./PracticalMachineLearningNotes_files/figure-latex/unnamed-chunk-27-1.pdf>
]
<PracticalMachineLearningNotes_files/figure-latex/unnamed-chunk-28-1.pdf, id=10
97, 469.755pt x 325.215pt>
File: PracticalMachineLearningNotes_files/figure-latex/unnamed-chunk-28-1.pdf G
raphic file (type pdf)
<use PracticalMachineLearningNotes_files/figure-latex/unnamed-chunk-28-1.pdf>
Package pdftex.def Info: PracticalMachineLearningNotes_files/figure-latex/unnam
ed-chunk-28-1.pdf  used on input line 2497.
(pdftex.def)             Requested size: 469.75386pt x 325.2142pt.
<PracticalMachineLearningNotes_files/figure-latex/unnamed-chunk-29-1.pdf, id=10
98, 469.755pt x 325.215pt>
File: PracticalMachineLearningNotes_files/figure-latex/unnamed-chunk-29-1.pdf G
raphic file (type pdf)
<use PracticalMachineLearningNotes_files/figure-latex/unnamed-chunk-29-1.pdf>
Package pdftex.def Info: PracticalMachineLearningNotes_files/figure-latex/unnam
ed-chunk-29-1.pdf  used on input line 2513.
(pdftex.def)             Requested size: 469.75386pt x 325.2142pt.
[40 <./PracticalMachineLearningNotes_files/figure-latex/unnamed-chunk-28-1.pdf>
]
<PracticalMachineLearningNotes_files/figure-latex/unnamed-chunk-30-1.pdf, id=11
10, 469.755pt x 325.215pt>
File: PracticalMachineLearningNotes_files/figure-latex/unnamed-chunk-30-1.pdf G
raphic file (type pdf)
<use PracticalMachineLearningNotes_files/figure-latex/unnamed-chunk-30-1.pdf>
Package pdftex.def Info: PracticalMachineLearningNotes_files/figure-latex/unnam
ed-chunk-30-1.pdf  used on input line 2528.
(pdftex.def)             Requested size: 469.75386pt x 325.2142pt.
[41 <./PracticalMachineLearningNotes_files/figure-latex/unnamed-chunk-29-1.pdf>
] [42 <./PracticalMachineLearningNotes_files/figure-latex/unnamed-chunk-30-1.pd
f>]
<PracticalMachineLearningNotes_files/figure-latex/unnamed-chunk-32-1.pdf, id=11
35, 469.755pt x 325.215pt>
File: PracticalMachineLearningNotes_files/figure-latex/unnamed-chunk-32-1.pdf G
raphic file (type pdf)
<use PracticalMachineLearningNotes_files/figure-latex/unnamed-chunk-32-1.pdf>
Package pdftex.def Info: PracticalMachineLearningNotes_files/figure-latex/unnam
ed-chunk-32-1.pdf  used on input line 2597.
(pdftex.def)             Requested size: 469.75386pt x 325.2142pt.
<PracticalMachineLearningNotes_files/figure-latex/unnamed-chunk-33-1.pdf, id=11
36, 469.755pt x 325.215pt>
File: PracticalMachineLearningNotes_files/figure-latex/unnamed-chunk-33-1.pdf G
raphic file (type pdf)
<use PracticalMachineLearningNotes_files/figure-latex/unnamed-chunk-33-1.pdf>
Package pdftex.def Info: PracticalMachineLearningNotes_files/figure-latex/unnam
ed-chunk-33-1.pdf  used on input line 2608.
(pdftex.def)             Requested size: 469.75386pt x 325.2142pt.
[43 <./PracticalMachineLearningNotes_files/figure-latex/unnamed-chunk-32-1.pdf>
] [44 <./PracticalMachineLearningNotes_files/figure-latex/unnamed-chunk-33-1.pd
f>]
<PracticalMachineLearningNotes_files/figure-latex/unnamed-chunk-35-1.pdf, id=11
60, 469.755pt x 325.215pt>
File: PracticalMachineLearningNotes_files/figure-latex/unnamed-chunk-35-1.pdf G
raphic file (type pdf)
<use PracticalMachineLearningNotes_files/figure-latex/unnamed-chunk-35-1.pdf>
Package pdftex.def Info: PracticalMachineLearningNotes_files/figure-latex/unnam
ed-chunk-35-1.pdf  used on input line 2659.
(pdftex.def)             Requested size: 469.75386pt x 325.2142pt.

Underfull \hbox (badness 10000) in paragraph at lines 2672--2673

 []


Underfull \hbox (badness 10000) in paragraph at lines 2680--2682

 []


Underfull \hbox (badness 10000) in paragraph at lines 2682--2684

 []


Underfull \hbox (badness 10000) in paragraph at lines 2684--2686

 []


Underfull \hbox (badness 10000) in paragraph at lines 2686--2687

 []


Underfull \hbox (badness 10000) in paragraph at lines 2690--2692

 []

[45 <./PracticalMachineLearningNotes_files/figure-latex/unnamed-chunk-35-1.pdf>
]
<PracticalMachineLearningNotes_files/figure-latex/unnamed-chunk-36-1.pdf, id=11
74, 469.755pt x 325.215pt>
File: PracticalMachineLearningNotes_files/figure-latex/unnamed-chunk-36-1.pdf G
raphic file (type pdf)
<use PracticalMachineLearningNotes_files/figure-latex/unnamed-chunk-36-1.pdf>
Package pdftex.def Info: PracticalMachineLearningNotes_files/figure-latex/unnam
ed-chunk-36-1.pdf  used on input line 2726.
(pdftex.def)             Requested size: 469.75386pt x 325.2142pt.
[46 <./PracticalMachineLearningNotes_files/figure-latex/unnamed-chunk-36-1.pdf>
]
Underfull \hbox (badness 10000) in paragraph at lines 2771--2774

 []

[47]
<PracticalMachineLearningNotes_files/figure-latex/unnamed-chunk-42-1.pdf, id=11
94, 469.755pt x 325.215pt>
File: PracticalMachineLearningNotes_files/figure-latex/unnamed-chunk-42-1.pdf G
raphic file (type pdf)
<use PracticalMachineLearningNotes_files/figure-latex/unnamed-chunk-42-1.pdf>
Package pdftex.def Info: PracticalMachineLearningNotes_files/figure-latex/unnam
ed-chunk-42-1.pdf  used on input line 2910.
(pdftex.def)             Requested size: 469.75386pt x 325.2142pt.
[48] [49 <./PracticalMachineLearningNotes_files/figure-latex/unnamed-chunk-42-1
.pdf>]
Underfull \hbox (badness 10000) in paragraph at lines 2983--2985

 []


Underfull \hbox (badness 10000) in paragraph at lines 2990--2992

 []


Underfull \hbox (badness 10000) in paragraph at lines 2994--2996

 []


Underfull \hbox (badness 10000) in paragraph at lines 3006--3010

 []


Underfull \hbox (badness 10000) in paragraph at lines 3035--3037

 []


Underfull \hbox (badness 10000) in paragraph at lines 3037--3039

 []


Underfull \hbox (badness 10000) in paragraph at lines 3044--3048

 []


Underfull \hbox (badness 10000) in paragraph at lines 3048--3052

 []

[50]
Underfull \hbox (badness 10000) in paragraph at lines 3052--3056

 []


Underfull \hbox (badness 10000) in paragraph at lines 3056--3057

 []


Underfull \hbox (badness 10000) in paragraph at lines 3059--3062

 []


Underfull \hbox (badness 10000) in paragraph at lines 3062--3064

 []


Underfull \hbox (badness 10000) in paragraph at lines 3074--3077

 []


Underfull \hbox (badness 10000) in paragraph at lines 3083--3084

 []


Underfull \hbox (badness 10000) in paragraph at lines 3086--3088

 []

[51]
Underfull \hbox (badness 10000) in paragraph at lines 3174--3177

 []

[52]
Underfull \hbox (badness 10000) in paragraph at lines 3215--3218

 []

<PracticalMachineLearningNotes_files/figure-latex/unnamed-chunk-49-1.pdf, id=12
42, 469.755pt x 325.215pt>
File: PracticalMachineLearningNotes_files/figure-latex/unnamed-chunk-49-1.pdf G
raphic file (type pdf)
<use PracticalMachineLearningNotes_files/figure-latex/unnamed-chunk-49-1.pdf>
Package pdftex.def Info: PracticalMachineLearningNotes_files/figure-latex/unnam
ed-chunk-49-1.pdf  used on input line 3229.
(pdftex.def)             Requested size: 469.75386pt x 325.2142pt.

Underfull \hbox (badness 10000) in paragraph at lines 3236--3239

 []

[53 <./PracticalMachineLearningNotes_files/figure-latex/unnamed-chunk-49-1.pdf>
]
Underfull \hbox (badness 10000) in paragraph at lines 3275--3277

 []


Underfull \hbox (badness 10000) in paragraph at lines 3277--3280

 []


Underfull \hbox (badness 10000) in paragraph at lines 3280--3283

 []


Underfull \hbox (badness 10000) in paragraph at lines 3285--3286

 []


Underfull \hbox (badness 10000) in paragraph at lines 3293--3296

 []


Underfull \hbox (badness 10000) in paragraph at lines 3296--3298

 []


Underfull \hbox (badness 10000) in paragraph at lines 3298--3300

 []


Underfull \hbox (badness 10000) in paragraph at lines 3300--3301

 []


Underfull \hbox (badness 10000) in paragraph at lines 3304--3306

 []


Underfull \hbox (badness 10000) in paragraph at lines 3306--3309

 []

[54]
<PracticalMachineLearningNotes_files/figure-latex/unnamed-chunk-52-1.pdf, id=12
63, 469.755pt x 325.215pt>
File: PracticalMachineLearningNotes_files/figure-latex/unnamed-chunk-52-1.pdf G
raphic file (type pdf)
<use PracticalMachineLearningNotes_files/figure-latex/unnamed-chunk-52-1.pdf>
Package pdftex.def Info: PracticalMachineLearningNotes_files/figure-latex/unnam
ed-chunk-52-1.pdf  used on input line 3384.
(pdftex.def)             Requested size: 469.75386pt x 325.2142pt.
[55]
<PracticalMachineLearningNotes_files/figure-latex/unnamed-chunk-53-1.pdf, id=12
69, 469.755pt x 325.215pt>
File: PracticalMachineLearningNotes_files/figure-latex/unnamed-chunk-53-1.pdf G
raphic file (type pdf)
<use PracticalMachineLearningNotes_files/figure-latex/unnamed-chunk-53-1.pdf>
Package pdftex.def Info: PracticalMachineLearningNotes_files/figure-latex/unnam
ed-chunk-53-1.pdf  used on input line 3401.
(pdftex.def)             Requested size: 469.75386pt x 325.2142pt.
[56 <./PracticalMachineLearningNotes_files/figure-latex/unnamed-chunk-52-1.pdf>
]
<PracticalMachineLearningNotes_files/figure-latex/unnamed-chunk-53-2.pdf, id=12
79, 469.755pt x 325.215pt>
File: PracticalMachineLearningNotes_files/figure-latex/unnamed-chunk-53-2.pdf G
raphic file (type pdf)
<use PracticalMachineLearningNotes_files/figure-latex/unnamed-chunk-53-2.pdf>
Package pdftex.def Info: PracticalMachineLearningNotes_files/figure-latex/unnam
ed-chunk-53-2.pdf  used on input line 3409.
(pdftex.def)             Requested size: 469.75386pt x 325.2142pt.
[57 <./PracticalMachineLearningNotes_files/figure-latex/unnamed-chunk-53-1.pdf>
]
<PracticalMachineLearningNotes_files/figure-latex/unnamed-chunk-54-1.pdf, id=12
89, 469.755pt x 325.215pt>
File: PracticalMachineLearningNotes_files/figure-latex/unnamed-chunk-54-1.pdf G
raphic file (type pdf)
<use PracticalMachineLearningNotes_files/figure-latex/unnamed-chunk-54-1.pdf>
Package pdftex.def Info: PracticalMachineLearningNotes_files/figure-latex/unnam
ed-chunk-54-1.pdf  used on input line 3436.
(pdftex.def)             Requested size: 469.75386pt x 325.2142pt.

Underfull \hbox (badness 10000) in paragraph at lines 3436--3442
[][]
 []

[58 <./PracticalMachineLearningNotes_files/figure-latex/unnamed-chunk-53-2.pdf>
]
Underfull \hbox (badness 10000) in paragraph at lines 3449--3451

 []


Underfull \hbox (badness 10000) in paragraph at lines 3451--3453

 []


Underfull \hbox (badness 10000) in paragraph at lines 3453--3456

 []


Underfull \hbox (badness 10000) in paragraph at lines 3461--3463

 []


Underfull \hbox (badness 10000) in paragraph at lines 3479--3482

 []


Underfull \hbox (badness 10000) in paragraph at lines 3482--3485

 []

[59 <./PracticalMachineLearningNotes_files/figure-latex/unnamed-chunk-54-1.pdf>
]
Underfull \hbox (badness 10000) in paragraph at lines 3499--3501

 []


Underfull \hbox (badness 10000) in paragraph at lines 3506--3510

 []


Underfull \hbox (badness 10000) in paragraph at lines 3510--3513

 []

<PracticalMachineLearningNotes_files/figure-latex/unnamed-chunk-55-1.pdf, id=13
14, 469.755pt x 325.215pt>
File: PracticalMachineLearningNotes_files/figure-latex/unnamed-chunk-55-1.pdf G
raphic file (type pdf)
<use PracticalMachineLearningNotes_files/figure-latex/unnamed-chunk-55-1.pdf>
Package pdftex.def Info: PracticalMachineLearningNotes_files/figure-latex/unnam
ed-chunk-55-1.pdf  used on input line 3538.
(pdftex.def)             Requested size: 469.75386pt x 325.2142pt.
[60]
Underfull \hbox (badness 10000) in paragraph at lines 3561--3564

 []

<PracticalMachineLearningNotes_files/figure-latex/unnamed-chunk-57-1.pdf, id=13
21, 469.755pt x 325.215pt>
File: PracticalMachineLearningNotes_files/figure-latex/unnamed-chunk-57-1.pdf G
raphic file (type pdf)
<use PracticalMachineLearningNotes_files/figure-latex/unnamed-chunk-57-1.pdf>
Package pdftex.def Info: PracticalMachineLearningNotes_files/figure-latex/unnam
ed-chunk-57-1.pdf  used on input line 3582.
(pdftex.def)             Requested size: 469.75386pt x 325.2142pt.
[61 <./PracticalMachineLearningNotes_files/figure-latex/unnamed-chunk-55-1.pdf>
]
<PracticalMachineLearningNotes_files/figure-latex/unnamed-chunk-58-1.pdf, id=13
33, 469.755pt x 325.215pt>
File: PracticalMachineLearningNotes_files/figure-latex/unnamed-chunk-58-1.pdf G
raphic file (type pdf)
<use PracticalMachineLearningNotes_files/figure-latex/unnamed-chunk-58-1.pdf>
Package pdftex.def Info: PracticalMachineLearningNotes_files/figure-latex/unnam
ed-chunk-58-1.pdf  used on input line 3595.
(pdftex.def)             Requested size: 469.75386pt x 325.2142pt.
[62 <./PracticalMachineLearningNotes_files/figure-latex/unnamed-chunk-57-1.pdf>
] [63 <./PracticalMachineLearningNotes_files/figure-latex/unnamed-chunk-58-1.pd
f>] [64]
Underfull \hbox (badness 10000) in paragraph at lines 3690--3692

 []


Underfull \hbox (badness 10000) in paragraph at lines 3692--3694

 []


Underfull \hbox (badness 10000) in paragraph at lines 3699--3701

 []


Underfull \hbox (badness 10000) in paragraph at lines 3701--3702

 []


Underfull \hbox (badness 10000) in paragraph at lines 3729--3731

 []


Underfull \hbox (badness 10000) in paragraph at lines 3731--3733

 []


Underfull \hbox (badness 10000) in paragraph at lines 3733--3735

 []


Underfull \hbox (badness 10000) in paragraph at lines 3735--3737

 []


Underfull \hbox (badness 10000) in paragraph at lines 3737--3740

 []

[65]
<PracticalMachineLearningNotes_files/figure-latex/unnamed-chunk-62-1.pdf, id=13
71, 469.755pt x 325.215pt>
File: PracticalMachineLearningNotes_files/figure-latex/unnamed-chunk-62-1.pdf G
raphic file (type pdf)
<use PracticalMachineLearningNotes_files/figure-latex/unnamed-chunk-62-1.pdf>
Package pdftex.def Info: PracticalMachineLearningNotes_files/figure-latex/unnam
ed-chunk-62-1.pdf  used on input line 3783.
(pdftex.def)             Requested size: 469.75386pt x 325.2142pt.
[66 <./PracticalMachineLearningNotes_files/figure-latex/unnamed-chunk-62-1.pdf>
]
<PracticalMachineLearningNotes_files/figure-latex/unnamed-chunk-64-1.pdf, id=13
82, 469.755pt x 325.215pt>
File: PracticalMachineLearningNotes_files/figure-latex/unnamed-chunk-64-1.pdf G
raphic file (type pdf)
<use PracticalMachineLearningNotes_files/figure-latex/unnamed-chunk-64-1.pdf>
Package pdftex.def Info: PracticalMachineLearningNotes_files/figure-latex/unnam
ed-chunk-64-1.pdf  used on input line 3846.
(pdftex.def)             Requested size: 469.75386pt x 325.2142pt.
[67 <./PracticalMachineLearningNotes_files/figure-latex/unnamed-chunk-64-1.pdf>
]
<PracticalMachineLearningNotes_files/figure-latex/unnamed-chunk-67-1.pdf, id=13
94, 469.755pt x 325.215pt>
File: PracticalMachineLearningNotes_files/figure-latex/unnamed-chunk-67-1.pdf G
raphic file (type pdf)
<use PracticalMachineLearningNotes_files/figure-latex/unnamed-chunk-67-1.pdf>
Package pdftex.def Info: PracticalMachineLearningNotes_files/figure-latex/unnam
ed-chunk-67-1.pdf  used on input line 3903.
(pdftex.def)             Requested size: 469.75386pt x 325.2142pt.
[68 <./PracticalMachineLearningNotes_files/figure-latex/unnamed-chunk-67-1.pdf>
]
<PracticalMachineLearningNotes_files/figure-latex/unnamed-chunk-69-1.pdf, id=14
06, 469.755pt x 325.215pt>
File: PracticalMachineLearningNotes_files/figure-latex/unnamed-chunk-69-1.pdf G
raphic file (type pdf)
<use PracticalMachineLearningNotes_files/figure-latex/unnamed-chunk-69-1.pdf>
Package pdftex.def Info: PracticalMachineLearningNotes_files/figure-latex/unnam
ed-chunk-69-1.pdf  used on input line 3947.
(pdftex.def)             Requested size: 469.75386pt x 325.2142pt.

Underfull \hbox (badness 10000) in paragraph at lines 3947--3949
[][]
 []

[69 <./PracticalMachineLearningNotes_files/figure-latex/unnamed-chunk-69-1.pdf>
]
Underfull \hbox (badness 10000) in paragraph at lines 3989--3991

 []


Underfull \hbox (badness 10000) in paragraph at lines 3991--3993

 []


Underfull \hbox (badness 10000) in paragraph at lines 3999--4001

 []


Underfull \hbox (badness 10000) in paragraph at lines 4002--4004

 []

[70]
<PracticalMachineLearningNotes_files/figure-latex/unnamed-chunk-74-1.pdf, id=14
27, 469.755pt x 325.215pt>
File: PracticalMachineLearningNotes_files/figure-latex/unnamed-chunk-74-1.pdf G
raphic file (type pdf)
<use PracticalMachineLearningNotes_files/figure-latex/unnamed-chunk-74-1.pdf>
Package pdftex.def Info: PracticalMachineLearningNotes_files/figure-latex/unnam
ed-chunk-74-1.pdf  used on input line 4107.
(pdftex.def)             Requested size: 469.75386pt x 325.2142pt.
[71]
<PracticalMachineLearningNotes_files/figure-latex/unnamed-chunk-75-1.pdf, id=14
32, 469.755pt x 325.215pt>
File: PracticalMachineLearningNotes_files/figure-latex/unnamed-chunk-75-1.pdf G
raphic file (type pdf)
<use PracticalMachineLearningNotes_files/figure-latex/unnamed-chunk-75-1.pdf>
Package pdftex.def Info: PracticalMachineLearningNotes_files/figure-latex/unnam
ed-chunk-75-1.pdf  used on input line 4122.
(pdftex.def)             Requested size: 469.75386pt x 325.2142pt.
[72 <./PracticalMachineLearningNotes_files/figure-latex/unnamed-chunk-74-1.pdf>
]
<PracticalMachineLearningNotes_files/figure-latex/unnamed-chunk-75-2.pdf, id=14
42, 469.755pt x 325.215pt>
File: PracticalMachineLearningNotes_files/figure-latex/unnamed-chunk-75-2.pdf G
raphic file (type pdf)
<use PracticalMachineLearningNotes_files/figure-latex/unnamed-chunk-75-2.pdf>
Package pdftex.def Info: PracticalMachineLearningNotes_files/figure-latex/unnam
ed-chunk-75-2.pdf  used on input line 4130.
(pdftex.def)             Requested size: 469.75386pt x 325.2142pt.
[73 <./PracticalMachineLearningNotes_files/figure-latex/unnamed-chunk-75-1.pdf>
]
<PracticalMachineLearningNotes_files/figure-latex/unnamed-chunk-75-3.pdf, id=14
53, 469.755pt x 325.215pt>
File: PracticalMachineLearningNotes_files/figure-latex/unnamed-chunk-75-3.pdf G
raphic file (type pdf)
<use PracticalMachineLearningNotes_files/figure-latex/unnamed-chunk-75-3.pdf>
Package pdftex.def Info: PracticalMachineLearningNotes_files/figure-latex/unnam
ed-chunk-75-3.pdf  used on input line 4138.
(pdftex.def)             Requested size: 469.75386pt x 325.2142pt.
[74 <./PracticalMachineLearningNotes_files/figure-latex/unnamed-chunk-75-2.pdf>
] [75 <./PracticalMachineLearningNotes_files/figure-latex/unnamed-chunk-75-3.pd
f>]
<PracticalMachineLearningNotes_files/figure-latex/unnamed-chunk-77-1.pdf, id=14
73, 469.755pt x 325.215pt>
File: PracticalMachineLearningNotes_files/figure-latex/unnamed-chunk-77-1.pdf G
raphic file (type pdf)
<use PracticalMachineLearningNotes_files/figure-latex/unnamed-chunk-77-1.pdf>
Package pdftex.def Info: PracticalMachineLearningNotes_files/figure-latex/unnam
ed-chunk-77-1.pdf  used on input line 4184.
(pdftex.def)             Requested size: 469.75386pt x 325.2142pt.
<PracticalMachineLearningNotes_files/figure-latex/unnamed-chunk-78-1.pdf, id=14
74, 469.755pt x 325.215pt>
File: PracticalMachineLearningNotes_files/figure-latex/unnamed-chunk-78-1.pdf G
raphic file (type pdf)
<use PracticalMachineLearningNotes_files/figure-latex/unnamed-chunk-78-1.pdf>
Package pdftex.def Info: PracticalMachineLearningNotes_files/figure-latex/unnam
ed-chunk-78-1.pdf  used on input line 4199.
(pdftex.def)             Requested size: 469.75386pt x 325.2142pt.
[76 <./PracticalMachineLearningNotes_files/figure-latex/unnamed-chunk-77-1.pdf>
]
<PracticalMachineLearningNotes_files/figure-latex/unnamed-chunk-79-1.pdf, id=14
90, 469.755pt x 325.215pt>
File: PracticalMachineLearningNotes_files/figure-latex/unnamed-chunk-79-1.pdf G
raphic file (type pdf)
<use PracticalMachineLearningNotes_files/figure-latex/unnamed-chunk-79-1.pdf>
Package pdftex.def Info: PracticalMachineLearningNotes_files/figure-latex/unnam
ed-chunk-79-1.pdf  used on input line 4213.
(pdftex.def)             Requested size: 469.75386pt x 325.2142pt.
[77 <./PracticalMachineLearningNotes_files/figure-latex/unnamed-chunk-78-1.pdf>
]
<PracticalMachineLearningNotes_files/figure-latex/unnamed-chunk-80-1.pdf, id=15
00, 469.755pt x 325.215pt>
File: PracticalMachineLearningNotes_files/figure-latex/unnamed-chunk-80-1.pdf G
raphic file (type pdf)
<use PracticalMachineLearningNotes_files/figure-latex/unnamed-chunk-80-1.pdf>
Package pdftex.def Info: PracticalMachineLearningNotes_files/figure-latex/unnam
ed-chunk-80-1.pdf  used on input line 4233.
(pdftex.def)             Requested size: 469.75386pt x 325.2142pt.

Underfull \hbox (badness 10000) in paragraph at lines 4233--4238
[][]
 []

[78 <./PracticalMachineLearningNotes_files/figure-latex/unnamed-chunk-79-1.pdf>
]
<PracticalMachineLearningNotes_files/figure-latex/unnamed-chunk-81-1.pdf, id=15
11, 469.755pt x 325.215pt>
File: PracticalMachineLearningNotes_files/figure-latex/unnamed-chunk-81-1.pdf G
raphic file (type pdf)
<use PracticalMachineLearningNotes_files/figure-latex/unnamed-chunk-81-1.pdf>
Package pdftex.def Info: PracticalMachineLearningNotes_files/figure-latex/unnam
ed-chunk-81-1.pdf  used on input line 4248.
(pdftex.def)             Requested size: 469.75386pt x 325.2142pt.

Underfull \hbox (badness 10000) in paragraph at lines 4248--4250
[][]
 []

[79 <./PracticalMachineLearningNotes_files/figure-latex/unnamed-chunk-80-1.pdf>
]
Underfull \hbox (badness 10000) in paragraph at lines 4258--4260

 []

[80 <./PracticalMachineLearningNotes_files/figure-latex/unnamed-chunk-81-1.pdf>
]
<PracticalMachineLearningNotes_files/figure-latex/unnamed-chunk-85-1.pdf, id=15
38, 469.755pt x 325.215pt>
File: PracticalMachineLearningNotes_files/figure-latex/unnamed-chunk-85-1.pdf G
raphic file (type pdf)
<use PracticalMachineLearningNotes_files/figure-latex/unnamed-chunk-85-1.pdf>
Package pdftex.def Info: PracticalMachineLearningNotes_files/figure-latex/unnam
ed-chunk-85-1.pdf  used on input line 4343.
(pdftex.def)             Requested size: 469.75386pt x 325.2142pt.
[81 <./PracticalMachineLearningNotes_files/figure-latex/unnamed-chunk-85-1.pdf>
]
<PracticalMachineLearningNotes_files/figure-latex/unnamed-chunk-85-2.pdf, id=15
50, 469.755pt x 325.215pt>
File: PracticalMachineLearningNotes_files/figure-latex/unnamed-chunk-85-2.pdf G
raphic file (type pdf)
<use PracticalMachineLearningNotes_files/figure-latex/unnamed-chunk-85-2.pdf>
Package pdftex.def Info: PracticalMachineLearningNotes_files/figure-latex/unnam
ed-chunk-85-2.pdf  used on input line 4351.
(pdftex.def)             Requested size: 469.75386pt x 325.2142pt.
<PracticalMachineLearningNotes_files/figure-latex/unnamed-chunk-85-3.pdf, id=15
51, 469.755pt x 325.215pt>
File: PracticalMachineLearningNotes_files/figure-latex/unnamed-chunk-85-3.pdf G
raphic file (type pdf)
<use PracticalMachineLearningNotes_files/figure-latex/unnamed-chunk-85-3.pdf>
Package pdftex.def Info: PracticalMachineLearningNotes_files/figure-latex/unnam
ed-chunk-85-3.pdf  used on input line 4359.
(pdftex.def)             Requested size: 469.75386pt x 325.2142pt.
[82 <./PracticalMachineLearningNotes_files/figure-latex/unnamed-chunk-85-2.pdf>
]
<PracticalMachineLearningNotes_files/figure-latex/unnamed-chunk-85-4.pdf, id=15
62, 469.755pt x 325.215pt>
File: PracticalMachineLearningNotes_files/figure-latex/unnamed-chunk-85-4.pdf G
raphic file (type pdf)
<use PracticalMachineLearningNotes_files/figure-latex/unnamed-chunk-85-4.pdf>
Package pdftex.def Info: PracticalMachineLearningNotes_files/figure-latex/unnam
ed-chunk-85-4.pdf  used on input line 4367.
(pdftex.def)             Requested size: 469.75386pt x 325.2142pt.
[83 <./PracticalMachineLearningNotes_files/figure-latex/unnamed-chunk-85-3.pdf>
]
<PracticalMachineLearningNotes_files/figure-latex/unnamed-chunk-85-5.pdf, id=15
73, 469.755pt x 325.215pt>
File: PracticalMachineLearningNotes_files/figure-latex/unnamed-chunk-85-5.pdf G
raphic file (type pdf)
<use PracticalMachineLearningNotes_files/figure-latex/unnamed-chunk-85-5.pdf>
Package pdftex.def Info: PracticalMachineLearningNotes_files/figure-latex/unnam
ed-chunk-85-5.pdf  used on input line 4375.
(pdftex.def)             Requested size: 469.75386pt x 325.2142pt.
[84 <./PracticalMachineLearningNotes_files/figure-latex/unnamed-chunk-85-4.pdf>
]
<PracticalMachineLearningNotes_files/figure-latex/unnamed-chunk-85-6.pdf, id=15
84, 469.755pt x 325.215pt>
File: PracticalMachineLearningNotes_files/figure-latex/unnamed-chunk-85-6.pdf G
raphic file (type pdf)
<use PracticalMachineLearningNotes_files/figure-latex/unnamed-chunk-85-6.pdf>
Package pdftex.def Info: PracticalMachineLearningNotes_files/figure-latex/unnam
ed-chunk-85-6.pdf  used on input line 4383.
(pdftex.def)             Requested size: 469.75386pt x 325.2142pt.
[85 <./PracticalMachineLearningNotes_files/figure-latex/unnamed-chunk-85-5.pdf>
]
<PracticalMachineLearningNotes_files/figure-latex/unnamed-chunk-85-7.pdf, id=15
96, 469.755pt x 325.215pt>
File: PracticalMachineLearningNotes_files/figure-latex/unnamed-chunk-85-7.pdf G
raphic file (type pdf)
<use PracticalMachineLearningNotes_files/figure-latex/unnamed-chunk-85-7.pdf>
Package pdftex.def Info: PracticalMachineLearningNotes_files/figure-latex/unnam
ed-chunk-85-7.pdf  used on input line 4391.
(pdftex.def)             Requested size: 469.75386pt x 325.2142pt.
[86 <./PracticalMachineLearningNotes_files/figure-latex/unnamed-chunk-85-6.pdf>
]
<PracticalMachineLearningNotes_files/figure-latex/unnamed-chunk-85-8.pdf, id=16
07, 469.755pt x 325.215pt>
File: PracticalMachineLearningNotes_files/figure-latex/unnamed-chunk-85-8.pdf G
raphic file (type pdf)
<use PracticalMachineLearningNotes_files/figure-latex/unnamed-chunk-85-8.pdf>
Package pdftex.def Info: PracticalMachineLearningNotes_files/figure-latex/unnam
ed-chunk-85-8.pdf  used on input line 4399.
(pdftex.def)             Requested size: 469.75386pt x 325.2142pt.
[87 <./PracticalMachineLearningNotes_files/figure-latex/unnamed-chunk-85-7.pdf>
]
<PracticalMachineLearningNotes_files/figure-latex/unnamed-chunk-85-9.pdf, id=16
18, 469.755pt x 325.215pt>
File: PracticalMachineLearningNotes_files/figure-latex/unnamed-chunk-85-9.pdf G
raphic file (type pdf)
<use PracticalMachineLearningNotes_files/figure-latex/unnamed-chunk-85-9.pdf>
Package pdftex.def Info: PracticalMachineLearningNotes_files/figure-latex/unnam
ed-chunk-85-9.pdf  used on input line 4407.
(pdftex.def)             Requested size: 469.75386pt x 325.2142pt.
[88 <./PracticalMachineLearningNotes_files/figure-latex/unnamed-chunk-85-8.pdf>
]
<PracticalMachineLearningNotes_files/figure-latex/unnamed-chunk-86-1.pdf, id=16
29, 469.755pt x 325.215pt>
File: PracticalMachineLearningNotes_files/figure-latex/unnamed-chunk-86-1.pdf G
raphic file (type pdf)
<use PracticalMachineLearningNotes_files/figure-latex/unnamed-chunk-86-1.pdf>
Package pdftex.def Info: PracticalMachineLearningNotes_files/figure-latex/unnam
ed-chunk-86-1.pdf  used on input line 4431.
(pdftex.def)             Requested size: 469.75386pt x 325.2142pt.
[89 <./PracticalMachineLearningNotes_files/figure-latex/unnamed-chunk-85-9.pdf>
]
<PracticalMachineLearningNotes_files/figure-latex/unnamed-chunk-87-1.pdf, id=16
44, 469.755pt x 325.215pt>
File: PracticalMachineLearningNotes_files/figure-latex/unnamed-chunk-87-1.pdf G
raphic file (type pdf)
<use PracticalMachineLearningNotes_files/figure-latex/unnamed-chunk-87-1.pdf>
Package pdftex.def Info: PracticalMachineLearningNotes_files/figure-latex/unnam
ed-chunk-87-1.pdf  used on input line 4444.
(pdftex.def)             Requested size: 469.75386pt x 325.2142pt.
[90 <./PracticalMachineLearningNotes_files/figure-latex/unnamed-chunk-86-1.pdf>
] [91 <./PracticalMachineLearningNotes_files/figure-latex/unnamed-chunk-87-1.pd
f>]
Underfull \hbox (badness 10000) in paragraph at lines 4578--4580

 []

[92]
Underfull \hbox (badness 10000) in paragraph at lines 4580--4582

 []


Underfull \hbox (badness 10000) in paragraph at lines 4582--4586

 []


Underfull \hbox (badness 10000) in paragraph at lines 4586--4588

 []


Underfull \hbox (badness 10000) in paragraph at lines 4588--4591

 []


Underfull \hbox (badness 10000) in paragraph at lines 4591--4593

 []


Underfull \hbox (badness 10000) in paragraph at lines 4593--4595

 []

<./Images/Obama-Clinton_Decision_Tree.jpg, id=1674, 652.4375pt x 1035.87pt>
File: ./Images/Obama-Clinton_Decision_Tree.jpg Graphic file (type jpg)
<use ./Images/Obama-Clinton_Decision_Tree.jpg>
Package pdftex.def Info: ./Images/Obama-Clinton_Decision_Tree.jpg  used on inpu
t line 4603.
(pdftex.def)             Requested size: 409.68387pt x 650.45192pt.

LaTeX Warning: Float too large for page by 25.75105pt on input line 4605.


Underfull \hbox (badness 10000) in paragraph at lines 4610--4613

 []


Underfull \hbox (badness 10000) in paragraph at lines 4625--4627

 []


Underfull \hbox (badness 10000) in paragraph at lines 4627--4629

 []


Underfull \hbox (badness 10000) in paragraph at lines 4629--4632

 []


Underfull \hbox (badness 10000) in paragraph at lines 4632--4635

 []


Underfull \hbox (badness 10000) in paragraph at lines 4644--4648

 []


Underfull \hbox (badness 10000) in paragraph at lines 4653--4655

 []

[93] [94 <./Images/Obama-Clinton_Decision_Tree.jpg>]
Underfull \hbox (badness 10000) in paragraph at lines 4696--4699

 []


Underfull \hbox (badness 10000) in paragraph at lines 4699--4702

 []


Underfull \hbox (badness 10000) in paragraph at lines 4711--4714

 []


Underfull \hbox (badness 10000) in paragraph at lines 4714--4717

 []

[95]
<PracticalMachineLearningNotes_files/figure-latex/unnamed-chunk-96-1.pdf, id=17
03, 469.755pt x 325.215pt>
File: PracticalMachineLearningNotes_files/figure-latex/unnamed-chunk-96-1.pdf G
raphic file (type pdf)
<use PracticalMachineLearningNotes_files/figure-latex/unnamed-chunk-96-1.pdf>
Package pdftex.def Info: PracticalMachineLearningNotes_files/figure-latex/unnam
ed-chunk-96-1.pdf  used on input line 4781.
(pdftex.def)             Requested size: 469.75386pt x 325.2142pt.
[96 <./PracticalMachineLearningNotes_files/figure-latex/unnamed-chunk-96-1.pdf>
]
Overfull \hbox (1.64113pt too wide) in paragraph at lines 4821--4821
[]\T1/lmtt/m/n/10.95 ##     6) Petal.Length< 4.85 33  1 versicolor (0.00000000 
0.96969697 0.03030303) *[] 
 []


Underfull \hbox (badness 10000) in paragraph at lines 4826--4827

 []


Underfull \hbox (badness 10000) in paragraph at lines 4834--4837

 []


Underfull \hbox (badness 10000) in paragraph at lines 4837--4840

 []

<PracticalMachineLearningNotes_files/figure-latex/unnamed-chunk-99-1.pdf, id=17
14, 469.755pt x 325.215pt>
File: PracticalMachineLearningNotes_files/figure-latex/unnamed-chunk-99-1.pdf G
raphic file (type pdf)
<use PracticalMachineLearningNotes_files/figure-latex/unnamed-chunk-99-1.pdf>
Package pdftex.def Info: PracticalMachineLearningNotes_files/figure-latex/unnam
ed-chunk-99-1.pdf  used on input line 4855.
(pdftex.def)             Requested size: 469.75386pt x 325.2142pt.
[97]
<PracticalMachineLearningNotes_files/figure-latex/unnamed-chunk-100-1.pdf, id=1
726, 469.755pt x 325.215pt>
File: PracticalMachineLearningNotes_files/figure-latex/unnamed-chunk-100-1.pdf 
Graphic file (type pdf)
<use PracticalMachineLearningNotes_files/figure-latex/unnamed-chunk-100-1.pdf>
Package pdftex.def Info: PracticalMachineLearningNotes_files/figure-latex/unnam
ed-chunk-100-1.pdf  used on input line 4880.
(pdftex.def)             Requested size: 469.75386pt x 325.2142pt.
[98 <./PracticalMachineLearningNotes_files/figure-latex/unnamed-chunk-99-1.pdf>
]
Underfull \hbox (badness 10000) in paragraph at lines 4916--4918

 []


Underfull \hbox (badness 10000) in paragraph at lines 4918--4922

 []


Underfull \hbox (badness 10000) in paragraph at lines 4922--4924

 []

[99 <./PracticalMachineLearningNotes_files/figure-latex/unnamed-chunk-100-1.pdf
>]
Underfull \hbox (badness 10000) in paragraph at lines 4926--4930

 []


Underfull \hbox (badness 10000) in paragraph at lines 4970--4972

 []


Underfull \hbox (badness 10000) in paragraph at lines 4972--4973

 []


Underfull \hbox (badness 10000) in paragraph at lines 4975--4977

 []


Underfull \hbox (badness 10000) in paragraph at lines 4977--4979

 []

[100]
Underfull \hbox (badness 10000) in paragraph at lines 5051--5053

 []


Underfull \hbox (badness 10000) in paragraph at lines 5053--5055

 []


Underfull \hbox (badness 10000) in paragraph at lines 5055--5057

 []


Underfull \hbox (badness 10000) in paragraph at lines 5057--5060

 []

<PracticalMachineLearningNotes_files/figure-latex/unnamed-chunk-104-1.pdf, id=1
770, 469.755pt x 325.215pt>
File: PracticalMachineLearningNotes_files/figure-latex/unnamed-chunk-104-1.pdf 
Graphic file (type pdf)
<use PracticalMachineLearningNotes_files/figure-latex/unnamed-chunk-104-1.pdf>
Package pdftex.def Info: PracticalMachineLearningNotes_files/figure-latex/unnam
ed-chunk-104-1.pdf  used on input line 5081.
(pdftex.def)             Requested size: 469.75386pt x 325.2142pt.
[101]
Underfull \hbox (badness 10000) in paragraph at lines 5091--5093

 []


Underfull \hbox (badness 10000) in paragraph at lines 5110--5112

 []


Underfull \hbox (badness 10000) in paragraph at lines 5112--5114

 []


Underfull \hbox (badness 10000) in paragraph at lines 5114--5115

 []

[102 <./PracticalMachineLearningNotes_files/figure-latex/unnamed-chunk-104-1.pd
f>]
<PracticalMachineLearningNotes_files/figure-latex/unnamed-chunk-105-1.pdf, id=1
788, 469.755pt x 325.215pt>
File: PracticalMachineLearningNotes_files/figure-latex/unnamed-chunk-105-1.pdf 
Graphic file (type pdf)
<use PracticalMachineLearningNotes_files/figure-latex/unnamed-chunk-105-1.pdf>
Package pdftex.def Info: PracticalMachineLearningNotes_files/figure-latex/unnam
ed-chunk-105-1.pdf  used on input line 5148.
(pdftex.def)             Requested size: 469.75386pt x 325.2142pt.

Underfull \hbox (badness 10000) in paragraph at lines 5148--5151
[][]
 []

[103 <./PracticalMachineLearningNotes_files/figure-latex/unnamed-chunk-105-1.pd
f>] [104]
Underfull \hbox (badness 10000) in paragraph at lines 5261--5263

 []


Underfull \hbox (badness 10000) in paragraph at lines 5263--5265

 []


Underfull \hbox (badness 10000) in paragraph at lines 5265--5268

 []


Underfull \hbox (badness 10000) in paragraph at lines 5273--5275

 []


Underfull \hbox (badness 10000) in paragraph at lines 5276--5277

 []


Underfull \hbox (badness 10000) in paragraph at lines 5293--5295

 []


Underfull \hbox (badness 10000) in paragraph at lines 5295--5296

 []


Underfull \hbox (badness 10000) in paragraph at lines 5301--5302

 []


Underfull \hbox (badness 10000) in paragraph at lines 5309--5311

 []


Underfull \hbox (badness 10000) in paragraph at lines 5316--5319

 []


Underfull \hbox (badness 10000) in paragraph at lines 5319--5321

 []


Underfull \hbox (badness 10000) in paragraph at lines 5321--5323

 []

<./Images/forests.png, id=1807, 727.71875pt x 446.66875pt>
File: ./Images/forests.png Graphic file (type png)
<use ./Images/forests.png>
Package pdftex.def Info: ./Images/forests.png  used on input line 5328.
(pdftex.def)             Requested size: 469.76918pt x 288.34108pt.

Underfull \hbox (badness 10000) in paragraph at lines 5335--5338

 []

[105]
Underfull \hbox (badness 10000) in paragraph at lines 5338--5341

 []


Underfull \hbox (badness 10000) in paragraph at lines 5341--5344

 []

[106 <./Images/forests.png>] [107]
Underfull \hbox (badness 10000) in paragraph at lines 5468--5470

 []


Underfull \hbox (badness 10000) in paragraph at lines 5470--5473

 []


Underfull \hbox (badness 10000) in paragraph at lines 5473--5476

 []


Underfull \hbox (badness 10000) in paragraph at lines 5476--5478

 []

<PracticalMachineLearningNotes_files/figure-latex/unnamed-chunk-112-1.pdf, id=1
830, 469.755pt x 325.215pt>
File: PracticalMachineLearningNotes_files/figure-latex/unnamed-chunk-112-1.pdf 
Graphic file (type pdf)
<use PracticalMachineLearningNotes_files/figure-latex/unnamed-chunk-112-1.pdf>
Package pdftex.def Info: PracticalMachineLearningNotes_files/figure-latex/unnam
ed-chunk-112-1.pdf  used on input line 5499.
(pdftex.def)             Requested size: 469.75386pt x 325.2142pt.
[108]
<PracticalMachineLearningNotes_files/figure-latex/unnamed-chunk-114-1.pdf, id=1
837, 469.755pt x 325.215pt>
File: PracticalMachineLearningNotes_files/figure-latex/unnamed-chunk-114-1.pdf 
Graphic file (type pdf)
<use PracticalMachineLearningNotes_files/figure-latex/unnamed-chunk-114-1.pdf>
Package pdftex.def Info: PracticalMachineLearningNotes_files/figure-latex/unnam
ed-chunk-114-1.pdf  used on input line 5528.
(pdftex.def)             Requested size: 469.75386pt x 325.2142pt.
[109 <./PracticalMachineLearningNotes_files/figure-latex/unnamed-chunk-112-1.pd
f>]
Underfull \hbox (badness 10000) in paragraph at lines 5536--5539

 []


Underfull \hbox (badness 10000) in paragraph at lines 5539--5541

 []


Underfull \hbox (badness 10000) in paragraph at lines 5572--5573

 []


Underfull \hbox (badness 10000) in paragraph at lines 5579--5581

 []

[110 <./PracticalMachineLearningNotes_files/figure-latex/unnamed-chunk-114-1.pd
f>]
Underfull \hbox (badness 10000) in paragraph at lines 5581--5583

 []


Underfull \hbox (badness 10000) in paragraph at lines 5589--5590

 []


Underfull \hbox (badness 10000) in paragraph at lines 5596--5597

 []


Underfull \hbox (badness 10000) in paragraph at lines 5602--5604

 []


Underfull \hbox (badness 10000) in paragraph at lines 5611--5613

 []


Underfull \hbox (badness 10000) in paragraph at lines 5623--5625

 []


Underfull \hbox (badness 10000) in paragraph at lines 5625--5627

 []


Underfull \hbox (badness 10000) in paragraph at lines 5627--5631

 []


Underfull \hbox (badness 10000) in paragraph at lines 5633--5635

 []


Underfull \hbox (badness 10000) in paragraph at lines 5635--5637

 []


Underfull \hbox (badness 10000) in paragraph at lines 5637--5639

 []


Underfull \hbox (badness 10000) in paragraph at lines 5639--5641

 []


Underfull \hbox (badness 10000) in paragraph at lines 5642--5644

 []

<./Images/ada_set.png, id=1870, 162.6075pt x 164.615pt>
File: ./Images/ada_set.png Graphic file (type png)
<use ./Images/ada_set.png>
Package pdftex.def Info: ./Images/ada_set.png  used on input line 5654.
(pdftex.def)             Requested size: 162.61206pt x 164.61961pt.
[111]
<./Images/ada1.png, id=1881, 285.065pt x 208.78pt>
File: ./Images/ada1.png Graphic file (type png)
<use ./Images/ada1.png>
Package pdftex.def Info: ./Images/ada1.png  used on input line 5657.
(pdftex.def)             Requested size: 285.0643pt x 208.77946pt.
<./Images/ada2-3.png, id=1882, 387.4475pt x 413.545pt>
File: ./Images/ada2-3.png Graphic file (type png)
<use ./Images/ada2-3.png>
Package pdftex.def Info: ./Images/ada2-3.png  used on input line 5661.
(pdftex.def)             Requested size: 387.45245pt x 413.55028pt.
[112 <./Images/ada_set.png> <./Images/ada1.png>]
Underfull \hbox (badness 10000) in paragraph at lines 5663--5666

 []


Underfull \hbox (badness 10000) in paragraph at lines 5666--5670

 []

<./Images/ada_sum.png, id=1887, 639.38875pt x 477.785pt>
File: ./Images/ada_sum.png Graphic file (type png)
<use ./Images/ada_sum.png>
Package pdftex.def Info: ./Images/ada_sum.png  used on input line 5674.
(pdftex.def)             Requested size: 442.37872pt x 330.56873pt.
[113 <./Images/ada2-3.png>]
Underfull \hbox (badness 10000) in paragraph at lines 5683--5685

 []


Package hyperref Warning: Suppressing link with empty target on input line 5685
.


Underfull \hbox (badness 10000) in paragraph at lines 5685--5687

 []


Underfull \hbox (badness 10000) in paragraph at lines 5693--5696

 []


Underfull \hbox (badness 10000) in paragraph at lines 5696--5699

 []


Package hyperref Warning: Suppressing link with empty target on input line 5701
.


Underfull \hbox (badness 10000) in paragraph at lines 5699--5703

 []


Underfull \hbox (badness 10000) in paragraph at lines 5703--5705

 []

[114 <./Images/ada_sum.png>]
<PracticalMachineLearningNotes_files/figure-latex/unnamed-chunk-117-1.pdf, id=1
902, 469.755pt x 325.215pt>
File: PracticalMachineLearningNotes_files/figure-latex/unnamed-chunk-117-1.pdf 
Graphic file (type pdf)
<use PracticalMachineLearningNotes_files/figure-latex/unnamed-chunk-117-1.pdf>
Package pdftex.def Info: PracticalMachineLearningNotes_files/figure-latex/unnam
ed-chunk-117-1.pdf  used on input line 5775.
(pdftex.def)             Requested size: 469.75386pt x 325.2142pt.
[115]
Underfull \hbox (badness 10000) in paragraph at lines 5797--5799

 []


Underfull \hbox (badness 10000) in paragraph at lines 5800--5801

 []


Underfull \hbox (badness 10000) in paragraph at lines 5827--5829

 []

[116 <./PracticalMachineLearningNotes_files/figure-latex/unnamed-chunk-117-1.pd
f>]
Underfull \hbox (badness 10000) in paragraph at lines 5849--5852

 []


Underfull \hbox (badness 10000) in paragraph at lines 5859--5862

 []


Underfull \hbox (badness 10000) in paragraph at lines 5869--5872

 []


Underfull \hbox (badness 10000) in paragraph at lines 5872--5876

 []


Underfull \hbox (badness 10000) in paragraph at lines 5876--5878

 []

[117]
<./Images/LDAboundary.png, id=1941, 489.83pt x 241.90375pt>
File: ./Images/LDAboundary.png Graphic file (type png)
<use ./Images/LDAboundary.png>
Package pdftex.def Info: ./Images/LDAboundary.png  used on input line 5919.
(pdftex.def)             Requested size: 469.76805pt x 231.9961pt.

Underfull \hbox (badness 10000) in paragraph at lines 5931--5934

 []


Underfull \hbox (badness 10000) in paragraph at lines 5955--5958

 []


Underfull \hbox (badness 10000) in paragraph at lines 5964--5965

 []

[118 <./Images/LDAboundary.png>]
Underfull \hbox (badness 10000) in paragraph at lines 5972--5974

 []


Underfull \hbox (badness 10000) in paragraph at lines 5974--5976

 []


Underfull \hbox (badness 10000) in paragraph at lines 5976--5977

 []

[119]
<PracticalMachineLearningNotes_files/figure-latex/unnamed-chunk-122-1.pdf, id=1
955, 469.755pt x 325.215pt>
File: PracticalMachineLearningNotes_files/figure-latex/unnamed-chunk-122-1.pdf 
Graphic file (type pdf)
<use PracticalMachineLearningNotes_files/figure-latex/unnamed-chunk-122-1.pdf>
Package pdftex.def Info: PracticalMachineLearningNotes_files/figure-latex/unnam
ed-chunk-122-1.pdf  used on input line 6079.
(pdftex.def)             Requested size: 469.75386pt x 325.2142pt.
<PracticalMachineLearningNotes_files/figure-latex/unnamed-chunk-123-1.pdf, id=1
956, 469.755pt x 325.215pt>
File: PracticalMachineLearningNotes_files/figure-latex/unnamed-chunk-123-1.pdf 
Graphic file (type pdf)
<use PracticalMachineLearningNotes_files/figure-latex/unnamed-chunk-123-1.pdf>
Package pdftex.def Info: PracticalMachineLearningNotes_files/figure-latex/unnam
ed-chunk-123-1.pdf  used on input line 6089.
(pdftex.def)             Requested size: 469.75386pt x 325.2142pt.
[120 <./PracticalMachineLearningNotes_files/figure-latex/unnamed-chunk-122-1.pd
f>]
Underfull \hbox (badness 10000) in paragraph at lines 6104--6106

 []


Underfull \hbox (badness 10000) in paragraph at lines 6107--6109

 []


Underfull \hbox (badness 10000) in paragraph at lines 6110--6112

 []


Underfull \hbox (badness 10000) in paragraph at lines 6113--6115

 []

[121 <./PracticalMachineLearningNotes_files/figure-latex/unnamed-chunk-123-1.pd
f>]
Underfull \hbox (badness 10000) in paragraph at lines 6177--6179

 []


Underfull \hbox (badness 10000) in paragraph at lines 6185--6187

 []


Underfull \hbox (badness 10000) in paragraph at lines 6187--6189

 []


Underfull \hbox (badness 10000) in paragraph at lines 6189--6191

 []

<PracticalMachineLearningNotes_files/figure-latex/unnamed-chunk-127-1.pdf, id=1
985, 469.755pt x 325.215pt>
File: PracticalMachineLearningNotes_files/figure-latex/unnamed-chunk-127-1.pdf 
Graphic file (type pdf)
<use PracticalMachineLearningNotes_files/figure-latex/unnamed-chunk-127-1.pdf>
Package pdftex.def Info: PracticalMachineLearningNotes_files/figure-latex/unnam
ed-chunk-127-1.pdf  used on input line 6201.
(pdftex.def)             Requested size: 469.75386pt x 325.2142pt.
[122]
Underfull \hbox (badness 10000) in paragraph at lines 6207--6209

 []


Underfull \hbox (badness 10000) in paragraph at lines 6209--6211

 []


Underfull \hbox (badness 10000) in paragraph at lines 6211--6213

 []

<PracticalMachineLearningNotes_files/figure-latex/unnamed-chunk-128-1.pdf, id=1
997, 469.755pt x 325.215pt>
File: PracticalMachineLearningNotes_files/figure-latex/unnamed-chunk-128-1.pdf 
Graphic file (type pdf)
<use PracticalMachineLearningNotes_files/figure-latex/unnamed-chunk-128-1.pdf>
Package pdftex.def Info: PracticalMachineLearningNotes_files/figure-latex/unnam
ed-chunk-128-1.pdf  used on input line 6225.
(pdftex.def)             Requested size: 469.75386pt x 325.2142pt.
[123 <./PracticalMachineLearningNotes_files/figure-latex/unnamed-chunk-127-1.pd
f>]
Underfull \hbox (badness 10000) in paragraph at lines 6232--6237

 []


Overfull \hbox (7.38986pt too wide) in paragraph at lines 6277--6277
[]\T1/lmtt/m/n/10.95 ## Warning in nominalTrainWorkflow(x = x, y = y, wts = wei
ghts, info = trainInfo, :[] 
 []

[124 <./PracticalMachineLearningNotes_files/figure-latex/unnamed-chunk-128-1.pd
f>] [125]
Package atveryend Info: Empty hook `BeforeClearDocument' on input line 6450.
[126] [127]
Package atveryend Info: Empty hook `AfterLastShipout' on input line 6450.
(./PracticalMachineLearningNotes.aux)
Package atveryend Info: Executing hook `AtVeryEndDocument' on input line 6450.
Package atveryend Info: Executing hook `AtEndAfterFileList' on input line 6450.

Package rerunfilecheck Info: File `PracticalMachineLearningNotes.out' has not c
hanged.
(rerunfilecheck)             Checksum: 1F85CC131206796C148BC94F8D81F110;24654.
Package atveryend Info: Empty hook `AtVeryVeryEnd' on input line 6450.
 ) 
Here is how much of TeX's memory you used:
 13676 strings out of 494587
 216646 string characters out of 6177759
 302560 words of memory out of 5000000
 16489 multiletter control sequences out of 15000+600000
 56724 words of font info for 103 fonts, out of 8000000 for 9000
 14 hyphenation exceptions out of 8191
 32i,6n,38p,462b,475s stack positions out of 5000i,500n,10000p,200000b,80000s
{/usr/share/texlive/texmf-dist/fonts/enc/dvips/lm/lm-ec.enc}{/usr/share/texli
ve/texmf-dist/fonts/enc/dvips/lm/lm-mathsy.enc}{/usr/share/texlive/texmf-dist/f
onts/enc/dvips/lm/lm-mathit.enc}{/usr/share/texlive/texmf-dist/fonts/enc/dvips/
lm/lm-rm.enc}{/usr/share/texlive/texmf-dist/fonts/enc/dvips/lm/lm-mathex.enc}{/
usr/share/texlive/texmf-dist/fonts/enc/dvips/lm/lm-ts1.enc}</usr/share/texlive/
texmf-dist/fonts/type1/public/lm/lmbx10.pfb></usr/share/texlive/texmf-dist/font
s/type1/public/lm/lmbx12.pfb></usr/share/texlive/texmf-dist/fonts/type1/public/
lm/lmbxi10.pfb></usr/share/texlive/texmf-dist/fonts/type1/public/lm/lmex10.pfb>
</usr/share/texlive/texmf-dist/fonts/type1/public/lm/lmmi10.pfb></usr/share/tex
live/texmf-dist/fonts/type1/public/lm/lmmi6.pfb></usr/share/texlive/texmf-dist/
fonts/type1/public/lm/lmmi8.pfb></usr/share/texlive/texmf-dist/fonts/type1/publ
ic/lm/lmr10.pfb></usr/share/texlive/texmf-dist/fonts/type1/public/lm/lmr12.pfb>
</usr/share/texlive/texmf-dist/fonts/type1/public/lm/lmr17.pfb></usr/share/texl
ive/texmf-dist/fonts/type1/public/lm/lmr6.pfb></usr/share/texlive/texmf-dist/fo
nts/type1/public/lm/lmr8.pfb></usr/share/texlive/texmf-dist/fonts/type1/public/
lm/lmri10.pfb></usr/share/texlive/texmf-dist/fonts/type1/public/lm/lmsy10.pfb><
/usr/share/texlive/texmf-dist/fonts/type1/public/lm/lmsy6.pfb></usr/share/texli
ve/texmf-dist/fonts/type1/public/lm/lmsy8.pfb></usr/share/texlive/texmf-dist/fo
nts/type1/public/lm/lmtk10.pfb></usr/share/texlive/texmf-dist/fonts/type1/publi
c/lm/lmtt10.pfb></usr/share/texlive/texmf-dist/fonts/type1/public/lm/lmtti10.pf
b></usr/share/texlive/texmf-dist/fonts/type1/public/amsfonts/symbols/msbm10.pfb
>
Output written on PracticalMachineLearningNotes.pdf (127 pages, 6356432 bytes).

PDF statistics:
 2247 PDF objects out of 2487 (max. 8388607)
 1938 compressed objects within 20 object streams
 558 named destinations out of 1000 (max. 500000)
 11769 words of extra memory for PDF output out of 12000 (max. 10000000)

